Log file open, 01/28/20 13:56:49
LogWindows: Failed to load 'aqProf.dll' (GetLastError=126)
LogWindows: File 'aqProf.dll' does not exist
LogWindows: Failed to load 'VtuneApi.dll' (GetLastError=126)
LogWindows: File 'VtuneApi.dll' does not exist
LogWindows: Failed to load 'VtuneApi32e.dll' (GetLastError=126)
LogWindows: File 'VtuneApi32e.dll' does not exist
LogConsoleResponse: Display: Failed to find resolution value strings in scalability ini. Falling back to default.
LogInit: Display: Running engine without a game
LogPakFile: Registered encryption key '00000000000000000000000000000000': 0 pak files mounted, 0 remain pending
LogPlatformFile: Not using cached read wrapper
LogInit: Display: Loading recent project file: ../../../../../Unreal/CarCombatGame/CarCombatGame.uproject
LogTaskGraph: Started task graph with 5 named threads and 35 total threads with 3 sets of task threads.
LogStats: Stats thread started at 0.401114
LogD3D11RHI: Loaded GFSDK_Aftermath_Lib.x64.dll
LogICUInternationalization: ICU TimeZone Detection - Raw Offset: -5:00, Platform Override: ''
LogPluginManager: Mounting plugin Paper2D
LogPluginManager: Mounting plugin AISupport
LogPluginManager: Mounting plugin LightPropagationVolume
LogPluginManager: Mounting plugin ActorLayerUtilities
LogPluginManager: Mounting plugin AnimationSharing
LogPluginManager: Mounting plugin CLionSourceCodeAccess
LogPluginManager: Mounting plugin CodeLiteSourceCodeAccess
LogPluginManager: Mounting plugin GitSourceControl
LogPluginManager: Mounting plugin KDevelopSourceCodeAccess
LogPluginManager: Mounting plugin NullSourceCodeAccess
LogPluginManager: Mounting plugin PerforceSourceControl
LogPluginManager: Mounting plugin SubversionSourceControl
LogPluginManager: Mounting plugin UObjectPlugin
LogPluginManager: Mounting plugin VisualStudioCodeSourceCodeAccess
LogPluginManager: Mounting plugin VisualStudioSourceCodeAccess
LogPluginManager: Mounting plugin XCodeSourceCodeAccess
LogPluginManager: Mounting plugin AssetManagerEditor
LogPluginManager: Mounting plugin CryptoKeys
LogPluginManager: Mounting plugin DataValidation
LogPluginManager: Mounting plugin EditorScriptingUtilities
LogPluginManager: Mounting plugin FacialAnimation
LogPluginManager: Mounting plugin GameplayTagsEditor
LogPluginManager: Mounting plugin GLTFImporter
LogPluginManager: Mounting plugin MacGraphicsSwitching
LogPluginManager: Mounting plugin MaterialAnalyzer
LogPluginManager: Mounting plugin MeshEditor
LogPluginManager: Mounting plugin MobileLauncherProfileWizard
LogPluginManager: Mounting plugin PluginBrowser
LogPluginManager: Mounting plugin SpeedTreeImporter
LogPluginManager: Mounting plugin DatasmithContent
LogPluginManager: Mounting plugin VariantManagerContent
LogPluginManager: Mounting plugin AlembicImporter
LogPluginManager: Mounting plugin AppleImageUtils
LogPluginManager: Mounting plugin AppleVision
LogPluginManager: Mounting plugin BackChannel
LogPluginManager: Mounting plugin BlastPlugin
LogPluginManager: Mounting plugin ChaosSolverPlugin
LogPluginManager: Mounting plugin CharacterAI
LogPluginManager: Mounting plugin GeometryCache
LogPluginManager: Mounting plugin GeometryCollectionPlugin
LogPluginManager: Mounting plugin HTML5Networking
LogPluginManager: Mounting plugin ProxyLODPlugin
LogPluginManager: Mounting plugin RawInput
LogPluginManager: Mounting plugin SkeletalReduction
LogPluginManager: Mounting plugin MagicLeap
LogPluginManager: Mounting plugin MagicLeapMedia
LogPluginManager: Mounting plugin AndroidMedia
LogPluginManager: Mounting plugin AvfMedia
LogPluginManager: Mounting plugin ImgMedia
LogPluginManager: Mounting plugin LinearTimecode
LogPluginManager: Mounting plugin MediaCompositing
LogPluginManager: Mounting plugin MediaPlayerEditor
LogPluginManager: Mounting plugin WebMMedia
LogPluginManager: Mounting plugin WmfMedia
LogPluginManager: Mounting plugin TcpMessaging
LogPluginManager: Mounting plugin UdpMessaging
LogPluginManager: Mounting plugin ActorSequence
LogPluginManager: Mounting plugin LevelSequenceEditor
LogPluginManager: Mounting plugin MatineeToLevelSequence
LogPluginManager: Mounting plugin NetcodeUnitTest
LogPluginManager: Mounting plugin NUTUnrealEngine4
LogPluginManager: Mounting plugin OnlineSubsystemGooglePlay
LogPluginManager: Mounting plugin OnlineSubsystemIOS
LogPluginManager: Mounting plugin OnlineSubsystem
LogPluginManager: Mounting plugin OnlineSubsystemNull
LogPluginManager: Mounting plugin OnlineSubsystemUtils
LogPluginManager: Mounting plugin LauncherChunkInstaller
LogPluginManager: Mounting plugin AndroidDeviceProfileSelector
LogPluginManager: Mounting plugin AndroidMoviePlayer
LogPluginManager: Mounting plugin AndroidPermission
LogPluginManager: Mounting plugin AppleMoviePlayer
LogPluginManager: Mounting plugin ArchVisCharacter
LogPluginManager: Mounting plugin AudioCapture
LogPluginManager: Mounting plugin CableComponent
LogPluginManager: Mounting plugin CustomMeshComponent
LogPluginManager: Mounting plugin EditableMesh
LogPluginManager: Mounting plugin ExampleDeviceProfileSelector
LogPluginManager: Mounting plugin Firebase
LogPluginManager: Mounting plugin GoogleCloudMessaging
LogPluginManager: Mounting plugin IOSDeviceProfileSelector
LogPluginManager: Mounting plugin LinuxDeviceProfileSelector
LogPluginManager: Mounting plugin LocationServicesBPLibrary
LogPluginManager: Mounting plugin MobilePatchingUtils
LogPluginManager: Mounting plugin OculusVR
LogPluginManager: Mounting plugin PhysXVehicles
LogPluginManager: Mounting plugin ProceduralMeshComponent
LogPluginManager: Mounting plugin RuntimePhysXCooking
LogPluginManager: Mounting plugin SignificanceManager
LogPluginManager: Mounting plugin SteamVR
LogPluginManager: Mounting plugin WebMMoviePlayer
LogPluginManager: Mounting plugin WindowsMoviePlayer
LogPluginManager: Mounting plugin DatasmithCADImporter
LogPluginManager: Mounting plugin DatasmithDataPrepEditor
LogPluginManager: Mounting plugin DatasmithFBXImporter
LogPluginManager: Mounting plugin DatasmithGLTFImporter
LogPluginManager: Mounting plugin DatasmithImporter
LogPluginManager: Mounting plugin MDLImporter
LogPluginManager: Mounting plugin StaticMeshEditorExtension
LogPluginManager: Mounting plugin VariantManager
LogInit: Using libcurl 7.55.1-DEV
LogInit:  - built for x86_64-pc-win32
LogInit:  - supports SSL with OpenSSL/1.1.1
LogInit:  - supports HTTP deflate (compression) using libz 1.2.8
LogInit:  - other features:
LogInit:      CURL_VERSION_SSL
LogInit:      CURL_VERSION_LIBZ
LogInit:      CURL_VERSION_IPV6
LogInit:      CURL_VERSION_ASYNCHDNS
LogInit:      CURL_VERSION_LARGEFILE
LogInit:      CURL_VERSION_IDN
LogInit:  CurlRequestOptions (configurable via config and command line):
LogInit:  - bVerifyPeer = true  - Libcurl will verify peer certificate
LogInit:  - bUseHttpProxy = false  - Libcurl will NOT use HTTP proxy
LogInit:  - bDontReuseConnections = false  - Libcurl will reuse connections
LogInit:  - MaxHostConnections = 16  - Libcurl will limit the number of connections to a host
LogInit:  - LocalHostAddr = Default
LogInit:  - BufferSize = 65536
LogInit: WinSock: version 1.1 (2.2), MaxSocks=32767, MaxUdp=65467
LogInit: Build: ++UE4+Release-4.22-CL-7053642
LogInit: Engine Version: 4.22.3-7053642+++UE4+Release-4.22
LogInit: Compatible Engine Version: 4.22.0-5660361+++UE4+Release-4.22
LogInit: Net CL: 5660361
LogInit: OS: Windows 10 (Release 1809) (), CPU: Intel(R) Core(TM) i7-8750H CPU @ 2.20GHz, GPU: Intel(R) UHD Graphics 630
LogInit: Compiled (64-bit): Jun 18 2019 03:09:11
LogInit: Compiled with Visual C++: 19.16.27025.01
LogInit: Build Configuration: Development
LogInit: Branch Name: ++UE4+Release-4.22
LogInit: Command Line: 
LogInit: Base Directory: D:/Program Files (x86)/Epic Games/UE_4.22/Engine/Binaries/Win64/
LogInit: Installed Engine Build: 1
LogDevObjectVersion: Number of dev versions registered: 23
LogDevObjectVersion:   Dev-Blueprints (B0D832E4-1F89-4F0D-ACCF-7EB736FD4AA2): 10
LogDevObjectVersion:   Dev-Build (E1C64328-A22C-4D53-A36C-8E866417BD8C): 0
LogDevObjectVersion:   Dev-Core (375EC13C-06E4-48FB-B500-84F0262A717E): 3
LogDevObjectVersion:   Dev-Editor (E4B068ED-F494-42E9-A231-DA0B2E46BB41): 30
LogDevObjectVersion:   Dev-Framework (CFFC743F-43B0-4480-9391-14DF171D2073): 35
LogDevObjectVersion:   Dev-Mobile (B02B49B5-BB20-44E9-A304-32B752E40360): 2
LogDevObjectVersion:   Dev-Networking (A4E4105C-59A1-49B5-A7C5-40C4547EDFEE): 0
LogDevObjectVersion:   Dev-Online (39C831C9-5AE6-47DC-9A44-9C173E1C8E7C): 0
LogDevObjectVersion:   Dev-Physics (78F01B33-EBEA-4F98-B9B4-84EACCB95AA2): 0
LogDevObjectVersion:   Dev-Platform (6631380F-2D4D-43E0-8009-CF276956A95A): 0
LogDevObjectVersion:   Dev-Rendering (12F88B9F-8875-4AFC-A67C-D90C383ABD29): 28
LogDevObjectVersion:   Dev-Sequencer (7B5AE74C-D270-4C10-A958-57980B212A5A): 11
LogDevObjectVersion:   Dev-VR (D7296918-1DD6-4BDD-9DE2-64A83CC13884): 2
LogDevObjectVersion:   Dev-LoadTimes (C2A15278-BFE7-4AFE-6C17-90FF531DF755): 1
LogDevObjectVersion:   Private-Geometry (6EACA3D4-40EC-4CC1-B786-8BED09428FC5): 3
LogDevObjectVersion:   Dev-AnimPhys (29E575DD-E0A3-4627-9D10-D276232CDCEA): 17
LogDevObjectVersion:   Dev-Anim (AF43A65D-7FD3-4947-9873-3E8ED9C1BB05): 2
LogDevObjectVersion:   Dev-ReflectionCapture (6B266CEC-1EC7-4B8F-A30B-E4D90942FC07): 1
LogDevObjectVersion:   Dev-Automation (0DF73D61-A23F-47EA-B727-89E90C41499A): 1
LogDevObjectVersion:   FortniteMain (601D1886-AC64-4F84-AA16-D3DE0DEAC7D6): 25
LogDevObjectVersion:   Dev-Enterprise (9DFFBCD6-494F-0158-E221-12823C92A888): 6
LogDevObjectVersion:   Dev-Niagara (F2AED0AC-9AFE-416F-8664-AA7FFA26D6FC): 1
LogDevObjectVersion:   Dev-Destruction (174F1F0B-B4C6-45A5-B13F-2EE8D0FB917D): 2
LogInit: Presizing for max 16777216 objects, including 0 objects not considered by GC, pre-allocating 0 bytes for permanent pool.
LogInit: Object subsystem initialized
LogConfig: Setting CVar [[con.DebugEarlyDefault:1]]
LogConfig: Setting CVar [[r.setres:1280x720]]
[2020.01.28-18.56.49:910][  0]LogConfig: Setting CVar [[r.VSync:0]]
[2020.01.28-18.56.49:910][  0]LogConfig: Setting CVar [[r.RHICmdBypass:0]]
[2020.01.28-18.56.49:910][  0]LogConfig: Applying CVar settings from Section [/Script/Engine.RendererSettings] File [D:/Program Files (x86)/Unreal/CarCombatGame/Saved/Config/Windows/Engine.ini]
[2020.01.28-18.56.49:910][  0]LogConfig: Setting CVar [[r.GPUCrashDebugging:0]]
[2020.01.28-18.56.49:910][  0]LogConfig: Applying CVar settings from Section [/Script/Engine.RendererOverrideSettings] File [D:/Program Files (x86)/Unreal/CarCombatGame/Saved/Config/Windows/Engine.ini]
[2020.01.28-18.56.49:910][  0]LogConfig: Applying CVar settings from Section [/Script/Engine.StreamingSettings] File [D:/Program Files (x86)/Unreal/CarCombatGame/Saved/Config/Windows/Engine.ini]
[2020.01.28-18.56.49:910][  0]LogConfig: Setting CVar [[s.MinBulkDataSizeForAsyncLoading:131072]]
[2020.01.28-18.56.49:910][  0]LogConfig: Setting CVar [[s.AsyncLoadingThreadEnabled:0]]
[2020.01.28-18.56.49:910][  0]LogConfig: Setting CVar [[s.EventDrivenLoaderEnabled:1]]
[2020.01.28-18.56.49:910][  0]LogConfig: Setting CVar [[s.WarnIfTimeLimitExceeded:0]]
[2020.01.28-18.56.49:910][  0]LogConfig: Setting CVar [[s.TimeLimitExceededMultiplier:1.5]]
[2020.01.28-18.56.49:910][  0]LogConfig: Setting CVar [[s.TimeLimitExceededMinTime:0.005]]
[2020.01.28-18.56.49:911][  0]LogConfig: Setting CVar [[s.UseBackgroundLevelStreaming:1]]
[2020.01.28-18.56.49:911][  0]LogConfig: Setting CVar [[s.PriorityAsyncLoadingExtraTime:15.0]]
[2020.01.28-18.56.49:911][  0]LogConfig: Setting CVar [[s.LevelStreamingActorsUpdateTimeLimit:5.0]]
[2020.01.28-18.56.49:911][  0]LogConfig: Setting CVar [[s.PriorityLevelStreamingActorsUpdateExtraTime:5.0]]
[2020.01.28-18.56.49:911][  0]LogConfig: Setting CVar [[s.LevelStreamingComponentsRegistrationGranularity:10]]
[2020.01.28-18.56.49:911][  0]LogConfig: Setting CVar [[s.UnregisterComponentsTimeLimit:1.0]]
[2020.01.28-18.56.49:911][  0]LogConfig: Setting CVar [[s.LevelStreamingComponentsUnregistrationGranularity:5]]
[2020.01.28-18.56.49:911][  0]LogConfig: Applying CVar settings from Section [/Script/Engine.GarbageCollectionSettings] File [D:/Program Files (x86)/Unreal/CarCombatGame/Saved/Config/Windows/Engine.ini]
[2020.01.28-18.56.49:911][  0]LogConfig: Setting CVar [[gc.MaxObjectsNotConsideredByGC:1]]
[2020.01.28-18.56.49:911][  0]LogConfig: Setting CVar [[gc.SizeOfPermanentObjectPool:0]]
[2020.01.28-18.56.49:911][  0]LogConfig: Setting CVar [[gc.FlushStreamingOnGC:0]]
[2020.01.28-18.56.49:911][  0]LogConfig: Setting CVar [[gc.NumRetriesBeforeForcingGC:10]]
[2020.01.28-18.56.49:911][  0]LogConfig: Setting CVar [[gc.AllowParallelGC:1]]
[2020.01.28-18.56.49:911][  0]LogConfig: Setting CVar [[gc.TimeBetweenPurgingPendingKillObjects:61.1]]
[2020.01.28-18.56.49:911][  0]LogConfig: Setting CVar [[gc.MaxObjectsInEditor:16777216]]
[2020.01.28-18.56.49:911][  0]LogConfig: Setting CVar [[gc.IncrementalBeginDestroyEnabled:1]]
[2020.01.28-18.56.49:911][  0]LogConfig: Setting CVar [[gc.CreateGCClusters:1]]
[2020.01.28-18.56.49:911][  0]LogConfig: Setting CVar [[gc.MinGCClusterSize:5]]
[2020.01.28-18.56.49:911][  0]LogConfig: Setting CVar [[gc.ActorClusteringEnabled:0]]
[2020.01.28-18.56.49:911][  0]LogConfig: Setting CVar [[gc.BlueprintClusteringEnabled:0]]
[2020.01.28-18.56.49:911][  0]LogConfig: Setting CVar [[gc.UseDisregardForGCOnDedicatedServers:0]]
[2020.01.28-18.56.49:911][  0]LogConfig: Applying CVar settings from Section [/Script/Engine.NetworkSettings] File [D:/Program Files (x86)/Unreal/CarCombatGame/Saved/Config/Windows/Engine.ini]
[2020.01.28-18.56.49:911][  0]LogConfig: Applying CVar settings from Section [/Script/UnrealEd.CookerSettings] File [D:/Program Files (x86)/Unreal/CarCombatGame/Saved/Config/Windows/Engine.ini]
[2020.01.28-18.56.49:914][  0]LogConfig: Applying CVar settings from Section [ViewDistanceQuality@3] File [D:/Program Files (x86)/Unreal/CarCombatGame/Saved/Config/Windows/Scalability.ini]
[2020.01.28-18.56.49:914][  0]LogConfig: Setting CVar [[r.SkeletalMeshLODBias:0]]
[2020.01.28-18.56.49:914][  0]LogConfig: Setting CVar [[r.ViewDistanceScale:1.0]]
[2020.01.28-18.56.49:914][  0]LogConfig: Applying CVar settings from Section [AntiAliasingQuality@3] File [D:/Program Files (x86)/Unreal/CarCombatGame/Saved/Config/Windows/Scalability.ini]
[2020.01.28-18.56.49:914][  0]LogConfig: Setting CVar [[r.PostProcessAAQuality:4]]
[2020.01.28-18.56.49:914][  0]LogConfig: Applying CVar settings from Section [ShadowQuality@3] File [D:/Program Files (x86)/Unreal/CarCombatGame/Saved/Config/Windows/Scalability.ini]
[2020.01.28-18.56.49:914][  0]LogConfig: Setting CVar [[r.LightFunctionQuality:1]]
[2020.01.28-18.56.49:914][  0]LogConfig: Setting CVar [[r.ShadowQuality:5]]
[2020.01.28-18.56.49:914][  0]LogConfig: Setting CVar [[r.Shadow.CSM.MaxCascades:10]]
[2020.01.28-18.56.49:914][  0]LogConfig: Setting CVar [[r.Shadow.MaxResolution:2048]]
[2020.01.28-18.56.49:914][  0]LogConfig: Setting CVar [[r.Shadow.MaxCSMResolution:2048]]
[2020.01.28-18.56.49:914][  0]LogConfig: Setting CVar [[r.Shadow.RadiusThreshold:0.01]]
[2020.01.28-18.56.49:914][  0]LogConfig: Setting CVar [[r.Shadow.DistanceScale:1.0]]
[2020.01.28-18.56.49:914][  0]LogConfig: Setting CVar [[r.Shadow.CSM.TransitionScale:1.0]]
[2020.01.28-18.56.49:914][  0]LogConfig: Setting CVar [[r.Shadow.PreShadowResolutionFactor:1.0]]
[2020.01.28-18.56.49:914][  0]LogConfig: Setting CVar [[r.DistanceFieldShadowing:1]]
[2020.01.28-18.56.49:914][  0]LogConfig: Setting CVar [[r.DistanceFieldAO:1]]
[2020.01.28-18.56.49:914][  0]LogConfig: Setting CVar [[r.AOQuality:2]]
[2020.01.28-18.56.49:914][  0]LogConfig: Setting CVar [[r.VolumetricFog:1]]
[2020.01.28-18.56.49:914][  0]LogConfig: Setting CVar [[r.VolumetricFog.GridPixelSize:8]]
[2020.01.28-18.56.49:914][  0]LogConfig: Setting CVar [[r.VolumetricFog.GridSizeZ:128]]
[2020.01.28-18.56.49:914][  0]LogConfig: Setting CVar [[r.VolumetricFog.HistoryMissSupersampleCount:4]]
[2020.01.28-18.56.49:914][  0]LogConfig: Setting CVar [[r.LightMaxDrawDistanceScale:1]]
[2020.01.28-18.56.49:914][  0]LogConfig: Setting CVar [[r.CapsuleShadows:1]]
[2020.01.28-18.56.49:914][  0]LogConfig: Applying CVar settings from Section [PostProcessQuality@3] File [D:/Program Files (x86)/Unreal/CarCombatGame/Saved/Config/Windows/Scalability.ini]
[2020.01.28-18.56.49:914][  0]LogConfig: Setting CVar [[r.MotionBlurQuality:4]]
[2020.01.28-18.56.49:914][  0]LogConfig: Setting CVar [[r.AmbientOcclusionMipLevelFactor:0.4]]
[2020.01.28-18.56.49:914][  0]LogConfig: Setting CVar [[r.AmbientOcclusionMaxQuality:100]]
[2020.01.28-18.56.49:914][  0]LogConfig: Setting CVar [[r.AmbientOcclusionLevels:-1]]
[2020.01.28-18.56.49:914][  0]LogConfig: Setting CVar [[r.AmbientOcclusionRadiusScale:1.0]]
[2020.01.28-18.56.49:914][  0]LogConfig: Setting CVar [[r.DepthOfFieldQuality:2]]
[2020.01.28-18.56.49:914][  0]LogConfig: Setting CVar [[r.RenderTargetPoolMin:400]]
[2020.01.28-18.56.49:914][  0]LogConfig: Setting CVar [[r.LensFlareQuality:2]]
[2020.01.28-18.56.49:914][  0]LogConfig: Setting CVar [[r.SceneColorFringeQuality:1]]
[2020.01.28-18.56.49:914][  0]LogConfig: Setting CVar [[r.EyeAdaptationQuality:2]]
[2020.01.28-18.56.49:914][  0]LogConfig: Setting CVar [[r.BloomQuality:5]]
[2020.01.28-18.56.49:914][  0]LogConfig: Setting CVar [[r.FastBlurThreshold:100]]
[2020.01.28-18.56.49:914][  0]LogConfig: Setting CVar [[r.Upscale.Quality:3]]
[2020.01.28-18.56.49:914][  0]LogConfig: Setting CVar [[r.Tonemapper.GrainQuantization:1]]
[2020.01.28-18.56.49:914][  0]LogConfig: Setting CVar [[r.LightShaftQuality:1]]
[2020.01.28-18.56.49:914][  0]LogConfig: Setting CVar [[r.Filter.SizeScale:1]]
[2020.01.28-18.56.49:914][  0]LogConfig: Setting CVar [[r.Tonemapper.Quality:5]]
[2020.01.28-18.56.49:914][  0]LogConfig: Setting CVar [[r.DOF.Gather.AccumulatorQuality:1        ; higher gathering accumulator quality]]
[2020.01.28-18.56.49:914][  0]LogConfig: Setting CVar [[r.DOF.Gather.PostfilterMethod:1          ; Median3x3 postfilering method]]
[2020.01.28-18.56.49:914][  0]LogConfig: Setting CVar [[r.DOF.Gather.EnableBokehSettings:0       ; no bokeh simulation when gathering]]
[2020.01.28-18.56.49:914][  0]LogConfig: Setting CVar [[r.DOF.Gather.RingCount:4                 ; medium number of samples when gathering]]
[2020.01.28-18.56.49:914][  0]LogConfig: Setting CVar [[r.DOF.Scatter.ForegroundCompositing:1    ; additive foreground scattering]]
[2020.01.28-18.56.49:914][  0]LogConfig: Setting CVar [[r.DOF.Scatter.BackgroundCompositing:2    ; additive background scattering]]
[2020.01.28-18.56.49:914][  0]LogConfig: Setting CVar [[r.DOF.Scatter.EnableBokehSettings:1      ; bokeh simulation when scattering]]
[2020.01.28-18.56.49:914][  0]LogConfig: Setting CVar [[r.DOF.Scatter.MaxSpriteRatio:0.1         ; only a maximum of 10% of scattered bokeh]]
[2020.01.28-18.56.49:914][  0]LogConfig: Setting CVar [[r.DOF.Recombine.Quality:1                ; cheap slight out of focus]]
[2020.01.28-18.56.49:914][  0]LogConfig: Setting CVar [[r.DOF.Recombine.EnableBokehSettings:0    ; no bokeh simulation on slight out of focus]]
[2020.01.28-18.56.49:914][  0]LogConfig: Setting CVar [[r.DOF.TemporalAAQuality:1                ; more stable temporal accumulation]]
[2020.01.28-18.56.49:914][  0]LogConfig: Setting CVar [[r.DOF.Kernel.MaxForegroundRadius:0.025]]
[2020.01.28-18.56.49:915][  0]LogConfig: Setting CVar [[r.DOF.Kernel.MaxBackgroundRadius:0.025]]
[2020.01.28-18.56.49:915][  0]LogConfig: Applying CVar settings from Section [TextureQuality@3] File [D:/Program Files (x86)/Unreal/CarCombatGame/Saved/Config/Windows/Scalability.ini]
[2020.01.28-18.56.49:915][  0]LogConfig: Setting CVar [[r.Streaming.MipBias:0]]
[2020.01.28-18.56.49:915][  0]LogConfig: Setting CVar [[r.Streaming.AmortizeCPUToGPUCopy:0]]
[2020.01.28-18.56.49:915][  0]LogConfig: Setting CVar [[r.Streaming.MaxNumTexturesToStreamPerFrame:0]]
[2020.01.28-18.56.49:915][  0]LogConfig: Setting CVar [[r.Streaming.Boost:1]]
[2020.01.28-18.56.49:915][  0]LogConfig: Setting CVar [[r.MaxAnisotropy:8]]
[2020.01.28-18.56.49:915][  0]LogConfig: Setting CVar [[r.Streaming.LimitPoolSizeToVRAM:0]]
[2020.01.28-18.56.49:915][  0]LogConfig: Setting CVar [[r.Streaming.PoolSize:1000]]
[2020.01.28-18.56.49:915][  0]LogConfig: Setting CVar [[r.Streaming.MaxEffectiveScreenSize:0]]
[2020.01.28-18.56.49:915][  0]LogConfig: Applying CVar settings from Section [EffectsQuality@3] File [D:/Program Files (x86)/Unreal/CarCombatGame/Saved/Config/Windows/Scalability.ini]
[2020.01.28-18.56.49:915][  0]LogConfig: Setting CVar [[r.TranslucencyLightingVolumeDim:64]]
[2020.01.28-18.56.49:915][  0]LogConfig: Setting CVar [[r.RefractionQuality:2]]
[2020.01.28-18.56.49:915][  0]LogConfig: Setting CVar [[r.SSR.Quality:3]]
[2020.01.28-18.56.49:915][  0]LogConfig: Setting CVar [[r.SceneColorFormat:4]]
[2020.01.28-18.56.49:915][  0]LogConfig: Setting CVar [[r.DetailMode:2]]
[2020.01.28-18.56.49:915][  0]LogConfig: Setting CVar [[r.TranslucencyVolumeBlur:1]]
[2020.01.28-18.56.49:915][  0]LogConfig: Setting CVar [[r.MaterialQualityLevel:1 ; High quality]]
[2020.01.28-18.56.49:915][  0]LogConfig: Setting CVar [[r.SSS.Scale:1]]
[2020.01.28-18.56.49:915][  0]LogConfig: Setting CVar [[r.SSS.SampleSet:2]]
[2020.01.28-18.56.49:915][  0]LogConfig: Setting CVar [[r.SSS.Quality:1]]
[2020.01.28-18.56.49:915][  0]LogConfig: Setting CVar [[r.SSS.HalfRes:1]]
[2020.01.28-18.56.49:915][  0]LogConfig: Setting CVar [[r.EmitterSpawnRateScale:1.0]]
[2020.01.28-18.56.49:915][  0]LogConfig: Setting CVar [[r.ParticleLightQuality:2]]
[2020.01.28-18.56.49:915][  0]LogConfig: Applying CVar settings from Section [FoliageQuality@3] File [D:/Program Files (x86)/Unreal/CarCombatGame/Saved/Config/Windows/Scalability.ini]
[2020.01.28-18.56.49:915][  0]LogConfig: Setting CVar [[foliage.DensityScale:1.0]]
[2020.01.28-18.56.49:915][  0]LogConfig: Setting CVar [[grass.DensityScale:1.0]]
[2020.01.28-18.56.49:915][  0]LogInit: Selected Device Profile: [Windows]
[2020.01.28-18.56.49:915][  0]LogInit: Applying CVar settings loaded from the selected device profile: [Windows]
[2020.01.28-18.56.49:945][  0]LogHAL: Display: Platform has ~ 12 GB [12724396032 / 17179869184 / 12], which maps to Larger [LargestMinGB=32, LargerMinGB=12, DefaultMinGB=8, SmallerMinGB=6, SmallestMinGB=0)
[2020.01.28-18.56.49:945][  0]LogConfig: Setting CVar [[r.Vulkan.UseRealUBs:0		; Required until we fix HLR fall-out]]
[2020.01.28-18.56.49:945][  0]LogInit: Going up to parent DeviceProfile []
[2020.01.28-18.56.49:945][  0]LogConfig: Applying CVar settings from Section [ViewDistanceQuality@3] File [D:/Program Files (x86)/Unreal/CarCombatGame/Saved/Config/Windows/Scalability.ini]
[2020.01.28-18.56.49:945][  0]LogConfig: Setting CVar [[r.SkeletalMeshLODBias:0]]
[2020.01.28-18.56.49:945][  0]LogConfig: Setting CVar [[r.ViewDistanceScale:1.0]]
[2020.01.28-18.56.49:945][  0]LogConfig: Applying CVar settings from Section [AntiAliasingQuality@3] File [D:/Program Files (x86)/Unreal/CarCombatGame/Saved/Config/Windows/Scalability.ini]
[2020.01.28-18.56.49:945][  0]LogConfig: Setting CVar [[r.PostProcessAAQuality:4]]
[2020.01.28-18.56.49:945][  0]LogConfig: Applying CVar settings from Section [ShadowQuality@3] File [D:/Program Files (x86)/Unreal/CarCombatGame/Saved/Config/Windows/Scalability.ini]
[2020.01.28-18.56.49:945][  0]LogConfig: Setting CVar [[r.LightFunctionQuality:1]]
[2020.01.28-18.56.49:945][  0]LogConfig: Setting CVar [[r.ShadowQuality:5]]
[2020.01.28-18.56.49:945][  0]LogConfig: Setting CVar [[r.Shadow.CSM.MaxCascades:10]]
[2020.01.28-18.56.49:945][  0]LogConfig: Setting CVar [[r.Shadow.MaxResolution:2048]]
[2020.01.28-18.56.49:945][  0]LogConfig: Setting CVar [[r.Shadow.MaxCSMResolution:2048]]
[2020.01.28-18.56.49:945][  0]LogConfig: Setting CVar [[r.Shadow.RadiusThreshold:0.01]]
[2020.01.28-18.56.49:945][  0]LogConfig: Setting CVar [[r.Shadow.DistanceScale:1.0]]
[2020.01.28-18.56.49:945][  0]LogConfig: Setting CVar [[r.Shadow.CSM.TransitionScale:1.0]]
[2020.01.28-18.56.49:945][  0]LogConfig: Setting CVar [[r.Shadow.PreShadowResolutionFactor:1.0]]
[2020.01.28-18.56.49:945][  0]LogConfig: Setting CVar [[r.DistanceFieldShadowing:1]]
[2020.01.28-18.56.49:945][  0]LogConfig: Setting CVar [[r.DistanceFieldAO:1]]
[2020.01.28-18.56.49:945][  0]LogConfig: Setting CVar [[r.AOQuality:2]]
[2020.01.28-18.56.49:945][  0]LogConfig: Setting CVar [[r.VolumetricFog:1]]
[2020.01.28-18.56.49:945][  0]LogConfig: Setting CVar [[r.VolumetricFog.GridPixelSize:8]]
[2020.01.28-18.56.49:945][  0]LogConfig: Setting CVar [[r.VolumetricFog.GridSizeZ:128]]
[2020.01.28-18.56.49:945][  0]LogConfig: Setting CVar [[r.VolumetricFog.HistoryMissSupersampleCount:4]]
[2020.01.28-18.56.49:945][  0]LogConfig: Setting CVar [[r.LightMaxDrawDistanceScale:1]]
[2020.01.28-18.56.49:945][  0]LogConfig: Setting CVar [[r.CapsuleShadows:1]]
[2020.01.28-18.56.49:945][  0]LogConfig: Applying CVar settings from Section [PostProcessQuality@3] File [D:/Program Files (x86)/Unreal/CarCombatGame/Saved/Config/Windows/Scalability.ini]
[2020.01.28-18.56.49:945][  0]LogConfig: Setting CVar [[r.MotionBlurQuality:4]]
[2020.01.28-18.56.49:945][  0]LogConfig: Setting CVar [[r.AmbientOcclusionMipLevelFactor:0.4]]
[2020.01.28-18.56.49:945][  0]LogConfig: Setting CVar [[r.AmbientOcclusionMaxQuality:100]]
[2020.01.28-18.56.49:945][  0]LogConfig: Setting CVar [[r.AmbientOcclusionLevels:-1]]
[2020.01.28-18.56.49:945][  0]LogConfig: Setting CVar [[r.AmbientOcclusionRadiusScale:1.0]]
[2020.01.28-18.56.49:945][  0]LogConfig: Setting CVar [[r.DepthOfFieldQuality:2]]
[2020.01.28-18.56.49:945][  0]LogConfig: Setting CVar [[r.RenderTargetPoolMin:400]]
[2020.01.28-18.56.49:945][  0]LogConfig: Setting CVar [[r.LensFlareQuality:2]]
[2020.01.28-18.56.49:945][  0]LogConfig: Setting CVar [[r.SceneColorFringeQuality:1]]
[2020.01.28-18.56.49:945][  0]LogConfig: Setting CVar [[r.EyeAdaptationQuality:2]]
[2020.01.28-18.56.49:945][  0]LogConfig: Setting CVar [[r.BloomQuality:5]]
[2020.01.28-18.56.49:945][  0]LogConfig: Setting CVar [[r.FastBlurThreshold:100]]
[2020.01.28-18.56.49:945][  0]LogConfig: Setting CVar [[r.Upscale.Quality:3]]
[2020.01.28-18.56.49:945][  0]LogConfig: Setting CVar [[r.Tonemapper.GrainQuantization:1]]
[2020.01.28-18.56.49:945][  0]LogConfig: Setting CVar [[r.LightShaftQuality:1]]
[2020.01.28-18.56.49:945][  0]LogConfig: Setting CVar [[r.Filter.SizeScale:1]]
[2020.01.28-18.56.49:945][  0]LogConfig: Setting CVar [[r.Tonemapper.Quality:5]]
[2020.01.28-18.56.49:945][  0]LogConfig: Setting CVar [[r.DOF.Gather.AccumulatorQuality:1        ; higher gathering accumulator quality]]
[2020.01.28-18.56.49:945][  0]LogConfig: Setting CVar [[r.DOF.Gather.PostfilterMethod:1          ; Median3x3 postfilering method]]
[2020.01.28-18.56.49:945][  0]LogConfig: Setting CVar [[r.DOF.Gather.EnableBokehSettings:0       ; no bokeh simulation when gathering]]
[2020.01.28-18.56.49:945][  0]LogConfig: Setting CVar [[r.DOF.Gather.RingCount:4                 ; medium number of samples when gathering]]
[2020.01.28-18.56.49:945][  0]LogConfig: Setting CVar [[r.DOF.Scatter.ForegroundCompositing:1    ; additive foreground scattering]]
[2020.01.28-18.56.49:945][  0]LogConfig: Setting CVar [[r.DOF.Scatter.BackgroundCompositing:2    ; additive background scattering]]
[2020.01.28-18.56.49:945][  0]LogConfig: Setting CVar [[r.DOF.Scatter.EnableBokehSettings:1      ; bokeh simulation when scattering]]
[2020.01.28-18.56.49:945][  0]LogConfig: Setting CVar [[r.DOF.Scatter.MaxSpriteRatio:0.1         ; only a maximum of 10% of scattered bokeh]]
[2020.01.28-18.56.49:945][  0]LogConfig: Setting CVar [[r.DOF.Recombine.Quality:1                ; cheap slight out of focus]]
[2020.01.28-18.56.49:945][  0]LogConfig: Setting CVar [[r.DOF.Recombine.EnableBokehSettings:0    ; no bokeh simulation on slight out of focus]]
[2020.01.28-18.56.49:945][  0]LogConfig: Setting CVar [[r.DOF.TemporalAAQuality:1                ; more stable temporal accumulation]]
[2020.01.28-18.56.49:945][  0]LogConfig: Setting CVar [[r.DOF.Kernel.MaxForegroundRadius:0.025]]
[2020.01.28-18.56.49:945][  0]LogConfig: Setting CVar [[r.DOF.Kernel.MaxBackgroundRadius:0.025]]
[2020.01.28-18.56.49:945][  0]LogConfig: Applying CVar settings from Section [TextureQuality@3] File [D:/Program Files (x86)/Unreal/CarCombatGame/Saved/Config/Windows/Scalability.ini]
[2020.01.28-18.56.49:945][  0]LogConfig: Setting CVar [[r.Streaming.MipBias:0]]
[2020.01.28-18.56.49:945][  0]LogConfig: Setting CVar [[r.Streaming.AmortizeCPUToGPUCopy:0]]
[2020.01.28-18.56.49:946][  0]LogConfig: Setting CVar [[r.Streaming.MaxNumTexturesToStreamPerFrame:0]]
[2020.01.28-18.56.49:946][  0]LogConfig: Setting CVar [[r.Streaming.Boost:1]]
[2020.01.28-18.56.49:946][  0]LogConfig: Setting CVar [[r.MaxAnisotropy:8]]
[2020.01.28-18.56.49:946][  0]LogConfig: Setting CVar [[r.Streaming.LimitPoolSizeToVRAM:0]]
[2020.01.28-18.56.49:946][  0]LogConfig: Setting CVar [[r.Streaming.PoolSize:1000]]
[2020.01.28-18.56.49:946][  0]LogConfig: Setting CVar [[r.Streaming.MaxEffectiveScreenSize:0]]
[2020.01.28-18.56.49:946][  0]LogConfig: Applying CVar settings from Section [EffectsQuality@3] File [D:/Program Files (x86)/Unreal/CarCombatGame/Saved/Config/Windows/Scalability.ini]
[2020.01.28-18.56.49:946][  0]LogConfig: Setting CVar [[r.TranslucencyLightingVolumeDim:64]]
[2020.01.28-18.56.49:946][  0]LogConfig: Setting CVar [[r.RefractionQuality:2]]
[2020.01.28-18.56.49:946][  0]LogConfig: Setting CVar [[r.SSR.Quality:3]]
[2020.01.28-18.56.49:946][  0]LogConfig: Setting CVar [[r.SceneColorFormat:4]]
[2020.01.28-18.56.49:946][  0]LogConfig: Setting CVar [[r.DetailMode:2]]
[2020.01.28-18.56.49:946][  0]LogConfig: Setting CVar [[r.TranslucencyVolumeBlur:1]]
[2020.01.28-18.56.49:946][  0]LogConfig: Setting CVar [[r.MaterialQualityLevel:1 ; High quality]]
[2020.01.28-18.56.49:946][  0]LogConfig: Setting CVar [[r.SSS.Scale:1]]
[2020.01.28-18.56.49:946][  0]LogConfig: Setting CVar [[r.SSS.SampleSet:2]]
[2020.01.28-18.56.49:946][  0]LogConfig: Setting CVar [[r.SSS.Quality:1]]
[2020.01.28-18.56.49:946][  0]LogConfig: Setting CVar [[r.SSS.HalfRes:1]]
[2020.01.28-18.56.49:946][  0]LogConfig: Setting CVar [[r.EmitterSpawnRateScale:1.0]]
[2020.01.28-18.56.49:946][  0]LogConfig: Setting CVar [[r.ParticleLightQuality:2]]
[2020.01.28-18.56.49:946][  0]LogConfig: Applying CVar settings from Section [FoliageQuality@3] File [D:/Program Files (x86)/Unreal/CarCombatGame/Saved/Config/Windows/Scalability.ini]
[2020.01.28-18.56.49:946][  0]LogConfig: Setting CVar [[foliage.DensityScale:1.0]]
[2020.01.28-18.56.49:946][  0]LogConfig: Setting CVar [[grass.DensityScale:1.0]]
[2020.01.28-18.56.49:946][  0]LogConfig: Applying CVar settings from Section [Startup] File [../../../Engine/Config/ConsoleVariables.ini]
[2020.01.28-18.56.49:946][  0]LogConfig: Setting CVar [[net.UseAdaptiveNetUpdateFrequency:0]]
[2020.01.28-18.56.49:946][  0]LogConfig: Setting CVar [[p.chaos.AllowCreatePhysxBodies:1]]
[2020.01.28-18.56.49:946][  0]LogConfig: Applying CVar settings from Section [ConsoleVariables] File [D:/Program Files (x86)/Unreal/CarCombatGame/Saved/Config/Windows/Engine.ini]
[2020.01.28-18.56.49:946][  0]LogInit: Computer: LAPTOP-V0C1F5AU
[2020.01.28-18.56.49:946][  0]LogInit: User: Owner
[2020.01.28-18.56.49:946][  0]LogInit: CPU Page size=4096, Cores=6
[2020.01.28-18.56.49:946][  0]LogInit: High frequency timer resolution =10.000000 MHz
[2020.01.28-18.56.49:946][  0]LogMemory: Memory total: Physical=11.9GB (12GB approx)
[2020.01.28-18.56.49:946][  0]LogMemory: Platform Memory Stats for Windows
[2020.01.28-18.56.49:946][  0]LogMemory: Process Physical Memory: 99.42 MB used, 99.43 MB peak
[2020.01.28-18.56.49:946][  0]LogMemory: Process Virtual Memory: 91.98 MB used, 91.98 MB peak
[2020.01.28-18.56.49:946][  0]LogMemory: Physical Memory: 7583.23 MB used,  4551.70 MB free, 12134.93 MB total
[2020.01.28-18.56.49:946][  0]LogMemory: Virtual Memory: 4677.17 MB used,  134213048.00 MB free, 134217728.00 MB total
[2020.01.28-18.56.49:979][  0]LogInit: Using OS detected language (en-US).
[2020.01.28-18.56.49:979][  0]LogInit: Using OS detected locale (en-CA).
[2020.01.28-18.56.49:980][  0]LogTextLocalizationManager: No specific localization for 'en-US' exists, so the 'en' localization will be used.
[2020.01.28-18.56.50:160][  0]LogInit: Setting process to per monitor DPI aware
[2020.01.28-18.56.50:194][  0]LogSlate: New Slate User Created.  User Index 0, Is Virtual User: 0
[2020.01.28-18.56.50:194][  0]LogSlate: Slate User Registered.  User Index 0, Is Virtual User: 0
[2020.01.28-18.56.50:510][  0]LogHMD: Failed to initialize OpenVR with code 110
[2020.01.28-18.56.50:510][  0]LogD3D11RHI: D3D11 adapters:
[2020.01.28-18.56.50:596][  0]LogD3D11RHI:    0. 'NVIDIA GeForce GTX 1050 Ti' (Feature Level 11_0)
[2020.01.28-18.56.50:596][  0]LogD3D11RHI:       4018/0/6067 MB DedicatedVideo/DedicatedSystem/SharedSystem, Outputs:1, VendorId:0x10de
[2020.01.28-18.56.50:611][  0]LogD3D11RHI:    1. 'Intel(R) UHD Graphics 630' (Feature Level 11_0)
[2020.01.28-18.56.50:611][  0]LogD3D11RHI:       128/0/6067 MB DedicatedVideo/DedicatedSystem/SharedSystem, Outputs:0, VendorId:0x8086
[2020.01.28-18.56.50:613][  0]LogD3D11RHI:    2. 'Microsoft Basic Render Driver' (Feature Level 11_0)
[2020.01.28-18.56.50:613][  0]LogD3D11RHI:       0/0/6067 MB DedicatedVideo/DedicatedSystem/SharedSystem, Outputs:0, VendorId:0x1414
[2020.01.28-18.56.50:613][  0]LogD3D11RHI: Chosen D3D11 Adapter: 0
[2020.01.28-18.56.50:648][  0]LogD3D11RHI: Creating new Direct3DDevice
[2020.01.28-18.56.50:648][  0]LogD3D11RHI:     GPU DeviceId: 0x1c8c (for the marketing name, search the web for "GPU Device Id")
[2020.01.28-18.56.50:648][  0]LogWindows: EnumDisplayDevices:
[2020.01.28-18.56.50:648][  0]LogWindows:    0. 'Intel(R) UHD Graphics 630' (P:1 D:1)
[2020.01.28-18.56.50:649][  0]LogWindows:    1. 'Intel(R) UHD Graphics 630' (P:0 D:0)
[2020.01.28-18.56.50:649][  0]LogWindows:    2. 'Intel(R) UHD Graphics 630' (P:0 D:0)
[2020.01.28-18.56.50:650][  0]LogWindows:    3. 'NVIDIA GeForce GTX 1050 Ti' (P:0 D:0)
[2020.01.28-18.56.50:651][  0]LogWindows:    4. 'NVIDIA GeForce GTX 1050 Ti' (P:0 D:0)
[2020.01.28-18.56.50:651][  0]LogWindows:    5. 'NVIDIA GeForce GTX 1050 Ti' (P:0 D:0)
[2020.01.28-18.56.50:652][  0]LogWindows:    6. 'NVIDIA GeForce GTX 1050 Ti' (P:0 D:0)
[2020.01.28-18.56.50:652][  0]LogWindows: DebugString: PrimaryIsNotTheChoosenAdapter PrimaryIsNotTheChoosenAdapter PrimaryIsNotTheChoosenAdapter FoundDriverCount:4 
[2020.01.28-18.56.50:652][  0]LogD3D11RHI:     Adapter Name: NVIDIA GeForce GTX 1050 Ti
[2020.01.28-18.56.50:652][  0]LogD3D11RHI:   Driver Version: 430.86 (internal:26.21.14.3086, unified:430.86)
[2020.01.28-18.56.50:652][  0]LogD3D11RHI:      Driver Date: 5-22-2019
[2020.01.28-18.56.50:652][  0]LogRHI: Texture pool is 2812 MB (70% of 4018 MB)
[2020.01.28-18.56.50:705][  0]LogD3D11RHI: Async texture creation enabled
[2020.01.28-18.56.50:723][  0]LogRendererCore: FGlobalReadBuffer::InitRHI
[2020.01.28-18.56.50:723][  0]LogRendererCore: FGlobalReadBuffer::InitRHI
[2020.01.28-18.56.50:723][  0]LogRendererCore: FGlobalReadBuffer::InitRHI
[2020.01.28-18.56.50:733][  0]LogD3D11RHI: GPU Timing Frequency: 1000.000000 (Debug: 2 1)
[2020.01.28-18.56.51:340][  0]LogTemp: Display: Module 'AllDesktopTargetPlatform' loaded TargetPlatform 'AllDesktop'
[2020.01.28-18.56.51:353][  0]LogTemp: Display: Module 'MacClientTargetPlatform' loaded TargetPlatform 'MacClient'
[2020.01.28-18.56.51:365][  0]LogTemp: Display: Module 'MacNoEditorTargetPlatform' loaded TargetPlatform 'MacNoEditor'
[2020.01.28-18.56.51:381][  0]LogTemp: Display: Module 'MacServerTargetPlatform' loaded TargetPlatform 'MacServer'
[2020.01.28-18.56.51:401][  0]LogTemp: Display: Module 'MacTargetPlatform' loaded TargetPlatform 'Mac'
[2020.01.28-18.56.51:413][  0]LogTemp: Display: Module 'WindowsClientTargetPlatform' loaded TargetPlatform 'WindowsClient'
[2020.01.28-18.56.51:424][  0]LogTemp: Display: Module 'WindowsNoEditorTargetPlatform' loaded TargetPlatform 'WindowsNoEditor'
[2020.01.28-18.56.51:438][  0]LogTemp: Display: Module 'WindowsServerTargetPlatform' loaded TargetPlatform 'WindowsServer'
[2020.01.28-18.56.51:444][  0]LogTemp: Display: Module 'WindowsTargetPlatform' loaded TargetPlatform 'Windows'
[2020.01.28-18.56.51:523][  0]LogTemp: Display: Module 'AndroidTargetPlatform' loaded TargetPlatform 'Android'
[2020.01.28-18.56.51:523][  0]LogTemp: Display: Module 'AndroidTargetPlatform' loaded TargetPlatform 'Android_ASTC'
[2020.01.28-18.56.51:523][  0]LogTemp: Display: Module 'AndroidTargetPlatform' loaded TargetPlatform 'Android_ATC'
[2020.01.28-18.56.51:523][  0]LogTemp: Display: Module 'AndroidTargetPlatform' loaded TargetPlatform 'Android_DXT'
[2020.01.28-18.56.51:523][  0]LogTemp: Display: Module 'AndroidTargetPlatform' loaded TargetPlatform 'Android_ETC1'
[2020.01.28-18.56.51:523][  0]LogTemp: Display: Module 'AndroidTargetPlatform' loaded TargetPlatform 'Android_ETC1a'
[2020.01.28-18.56.51:523][  0]LogTemp: Display: Module 'AndroidTargetPlatform' loaded TargetPlatform 'Android_ETC2'
[2020.01.28-18.56.51:523][  0]LogTemp: Display: Module 'AndroidTargetPlatform' loaded TargetPlatform 'Android_PVRTC'
[2020.01.28-18.56.51:523][  0]LogTemp: Display: Module 'AndroidTargetPlatform' loaded TargetPlatform 'AndroidClient'
[2020.01.28-18.56.51:523][  0]LogTemp: Display: Module 'AndroidTargetPlatform' loaded TargetPlatform 'Android_ASTCClient'
[2020.01.28-18.56.51:523][  0]LogTemp: Display: Module 'AndroidTargetPlatform' loaded TargetPlatform 'Android_ATCClient'
[2020.01.28-18.56.51:523][  0]LogTemp: Display: Module 'AndroidTargetPlatform' loaded TargetPlatform 'Android_DXTClient'
[2020.01.28-18.56.51:523][  0]LogTemp: Display: Module 'AndroidTargetPlatform' loaded TargetPlatform 'Android_ETC1Client'
[2020.01.28-18.56.51:523][  0]LogTemp: Display: Module 'AndroidTargetPlatform' loaded TargetPlatform 'Android_ETC1aClient'
[2020.01.28-18.56.51:523][  0]LogTemp: Display: Module 'AndroidTargetPlatform' loaded TargetPlatform 'Android_ETC2Client'
[2020.01.28-18.56.51:523][  0]LogTemp: Display: Module 'AndroidTargetPlatform' loaded TargetPlatform 'Android_PVRTCClient'
[2020.01.28-18.56.51:523][  0]LogTemp: Display: Module 'AndroidTargetPlatform' loaded TargetPlatform 'Android_Multi'
[2020.01.28-18.56.51:523][  0]LogTemp: Display: Module 'AndroidTargetPlatform' loaded TargetPlatform 'Android_MultiClient'
[2020.01.28-18.56.51:527][  0]LogTemp: Display: Module 'HTML5TargetPlatform' loaded TargetPlatform 'HTML5'
[2020.01.28-18.56.51:576][  0]LogTemp: Display: Module 'IOSTargetPlatform' loaded TargetPlatform 'IOSClient'
[2020.01.28-18.56.51:576][  0]LogTemp: Display: Module 'IOSTargetPlatform' loaded TargetPlatform 'IOS'
[2020.01.28-18.56.51:601][  0]LogTemp: Display: Module 'TVOSTargetPlatform' loaded TargetPlatform 'TVOSClient'
[2020.01.28-18.56.51:601][  0]LogTemp: Display: Module 'TVOSTargetPlatform' loaded TargetPlatform 'TVOS'
[2020.01.28-18.56.51:615][  0]LogTemp: Display: Module 'LinuxClientTargetPlatform' loaded TargetPlatform 'LinuxClient'
[2020.01.28-18.56.51:629][  0]LogTemp: Display: Module 'LinuxNoEditorTargetPlatform' loaded TargetPlatform 'LinuxNoEditor'
[2020.01.28-18.56.51:641][  0]LogTemp: Display: Module 'LinuxServerTargetPlatform' loaded TargetPlatform 'LinuxServer'
[2020.01.28-18.56.51:655][  0]LogTemp: Display: Module 'LinuxTargetPlatform' loaded TargetPlatform 'Linux'
[2020.01.28-18.56.51:705][  0]LogTemp: Display: Module 'LuminTargetPlatform' loaded TargetPlatform 'Lumin'
[2020.01.28-18.56.51:705][  0]LogTemp: Display: Module 'LuminTargetPlatform' loaded TargetPlatform 'LuminClient'
[2020.01.28-18.56.51:706][  0]LogTargetPlatformManager: Display: Building Assets For Windows
[2020.01.28-18.56.51:713][  0]LogAudioDebug: Display: Lib vorbis DLL was dynamically loaded.
[2020.01.28-18.56.51:751][  0]LogShaderCompilers: Guid format shader working directory is 10 characters bigger than the processId version (../../../../../Unreal/CarCombatGame/Intermediate/Shaders/WorkingDirectory/12540/).
[2020.01.28-18.56.51:751][  0]LogShaderCompilers: Cleaned the shader compiler working directory 'C:/Users/Owner/AppData/Local/Temp/UnrealShaderWorkingDir/F3CB86744BEAD3EF1E45DC9A2F229CB4/'.
[2020.01.28-18.56.51:753][  0]LogXGEController: Cannot use XGE Controller as Incredibuild is not installed on this machine.
[2020.01.28-18.56.51:753][  0]LogShaderCompilers: Cannot use XGE Shader Compiler as Incredibuild is not installed on this machine.
[2020.01.28-18.56.51:753][  0]LogShaderCompilers: Display: Using Local Shader Compiler.
[2020.01.28-18.56.52:385][  0]LogDerivedDataCache: Display: Max Cache Size: 512 MB
[2020.01.28-18.56.52:459][  0]LogDerivedDataCache: Loaded boot cache 0.07s 72MB C:/Users/Owner/AppData/Local/UnrealEngine/4.22/DerivedDataCache/Boot.ddc.
[2020.01.28-18.56.52:460][  0]LogDerivedDataCache: Display: Loaded Boot cache: C:/Users/Owner/AppData/Local/UnrealEngine/4.22/DerivedDataCache/Boot.ddc
[2020.01.28-18.56.52:460][  0]LogDerivedDataCache: FDerivedDataBackendGraph:  Pak pak cache file ../../../../../Unreal/CarCombatGame/DerivedDataCache/DDC.ddp not found, will not use a pak cache.
[2020.01.28-18.56.52:460][  0]LogDerivedDataCache: Unable to find inner node Pak for hierarchical cache Hierarchy.
[2020.01.28-18.56.52:460][  0]LogDerivedDataCache: FDerivedDataBackendGraph:  CompressedPak pak cache file ../../../../../Unreal/CarCombatGame/DerivedDataCache/Compressed.ddp not found, will not use a pak cache.
[2020.01.28-18.56.52:460][  0]LogDerivedDataCache: Unable to find inner node CompressedPak for hierarchical cache Hierarchy.
[2020.01.28-18.56.52:479][  0]LogDerivedDataCache: Display: Pak cache opened for reading ../../../Engine/DerivedDataCache/Compressed.ddp.
[2020.01.28-18.56.52:484][  0]LogDerivedDataCache: Display: Pak cache opened for reading ../../../Enterprise/DerivedDataCache/Compressed.ddp.
[2020.01.28-18.56.52:499][  0]LogDerivedDataCache: Using Local data cache path C:/Users/Owner/AppData/Local/UnrealEngine/Common/DerivedDataCache: Writable
[2020.01.28-18.56.52:499][  0]LogDerivedDataCache: Shared data cache path not found in *engine.ini, will not use an Shared cache.
[2020.01.28-18.56.52:499][  0]LogDerivedDataCache: Unable to find inner node Shared for hierarchical cache Hierarchy.
[2020.01.28-18.56.52:544][  0]LogMaterial: Verifying Global Shaders for PCD3D_SM5
[2020.01.28-18.56.52:546][  0]LogSlate: Using FreeType 2.6.0
[2020.01.28-18.56.52:547][  0]LogSlate: SlateFontServices - WITH_FREETYPE: 1, WITH_HARFBUZZ: 1
[2020.01.28-18.56.52:687][  0]LogAssetRegistry: FAssetRegistry took 0.0398 seconds to start up
[2020.01.28-18.56.53:078][  0]LogInit: Selected Device Profile: [Windows]
[2020.01.28-18.56.53:238][  0]LogMeshReduction: Using QuadricMeshReduction for automatic static mesh reduction
[2020.01.28-18.56.53:238][  0]LogMeshReduction: Using SimplygonMeshReduction for automatic skeletal mesh reduction
[2020.01.28-18.56.53:238][  0]LogMeshReduction: Using ProxyLODMeshReduction for automatic mesh merging
[2020.01.28-18.56.53:238][  0]LogMeshReduction: No distributed automatic mesh merging module available
[2020.01.28-18.56.53:238][  0]LogMeshMerging: No distributed automatic mesh merging module available
[2020.01.28-18.56.53:259][  0]LogNetVersion: CarCombatGame 1.0.0, NetCL: 5660361, EngineNetVer: 10, GameNetVer: 0 (Checksum: 1975125683)
[2020.01.28-18.56.53:781][  0]LogPackageLocalizationCache: Processed 16 localized package path(s) for 1 prioritized culture(s) in 0.087472 seconds
[2020.01.28-18.56.53:789][  0]LogUObjectArray: 42206 objects as part of root set at end of initial load.
[2020.01.28-18.56.53:789][  0]LogUObjectAllocator: 7325256 out of 0 bytes used by permanent object pool.
[2020.01.28-18.56.53:789][  0]LogUObjectArray: CloseDisregardForGC: 0/0 objects in disregard for GC pool
[2020.01.28-18.56.54:831][  0]LogTcpMessaging: Initializing TcpMessaging bridge
[2020.01.28-18.56.54:845][  0]LogUdpMessaging: Initializing bridge on interface 0.0.0.0:0 to multicast group 230.0.0.1:6666.
[2020.01.28-18.56.54:952][  0]SourceControl: Source control is disabled
[2020.01.28-18.56.54:952][  0]SourceControl: Source control is disabled
[2020.01.28-18.56.54:953][  0]SourceControl: Source control is disabled
[2020.01.28-18.56.54:954][  0]SourceControl: Source control is disabled
[2020.01.28-18.56.55:089][  0]LogAndroidPermission: UAndroidPermissionCallbackProxy::GetInstance
[2020.01.28-18.56.55:278][  0]LogOcInput: OculusInput pre-init called
[2020.01.28-18.56.58:305][  0]LogWindows: Failed to load 'libalias_api.dll' (GetLastError=126)
[2020.01.28-18.56.58:305][  0]LogWindows: File 'libalias_api.dll' does not exist
[2020.01.28-18.56.58:307][  0]LogWindows: Failed to load 'libalias_api.dll' (GetLastError=126)
[2020.01.28-18.56.58:307][  0]LogWindows: File 'libalias_api.dll' does not exist
[2020.01.28-18.56.58:440][  0]LogEngine: Initializing Engine...
[2020.01.28-18.56.58:441][  0]LogHMD: Failed to initialize OpenVR with code 110
[2020.01.28-18.56.58:442][  0]LogStats: UGameplayTagsManager::InitializeManager -  0.000 s
[2020.01.28-18.56.58:659][  0]LogInit: Initializing FReadOnlyCVARCache
[2020.01.28-18.56.58:669][  0]LogAIModule: Creating AISystem for world Untitled
[2020.01.28-18.56.58:739][  0]LogInit: XAudio2 using 'Speaker/Headphone (Realtek(R) Audio)' : 2 channels at 48 kHz using 32 bits per sample (channel mask 0x3)
[2020.01.28-18.56.58:783][  0]LogInit: FAudioDevice initialized.
[2020.01.28-18.56.58:783][  0]LogNetVersion: Set ProjectVersion to 1.0.0.0. Version Checksum will be recalculated on next use.
[2020.01.28-18.56.58:838][  0]LogDerivedDataCache: Saved boot cache 0.06s 72MB C:/Users/Owner/AppData/Local/UnrealEngine/4.22/DerivedDataCache/Boot.ddc.
[2020.01.28-18.56.58:850][  0]LogInit: Texture streaming: Enabled
[2020.01.28-18.56.58:868][  0]LogEngineSessionManager: EngineSessionManager initialized
[2020.01.28-18.56.58:893][  0]LogInit: Transaction tracking system initialized
[2020.01.28-18.56.58:919][  0]BlueprintLog: New page: Editor Load
[2020.01.28-18.56.58:990][  0]LocalizationService: Localization service is disabled
[2020.01.28-18.56.59:420][  0]LogFileCache: Scanning file cache for directory 'D:/Program Files (x86)/Unreal/CarCombatGame/Content/' took 0.02s
[2020.01.28-18.56.59:420][  0]LogCook: Display: Max memory allowance for cook 16384mb min free memory 0mb
[2020.01.28-18.56.59:420][  0]LogCook: Display: Mobile HDR setting 1
[2020.01.28-18.57.01:092][  0]SourceControl: Source control is disabled
[2020.01.28-18.57.01:093][  0]Cmd: MAP LOAD FILE="../../../../../Unreal/CarCombatGame/Content/VehicleBP/Maps/VehicleExampleMap.umap" TEMPLATE=0 SHOWPROGRESS=1 FEATURELEVEL=3
[2020.01.28-18.57.01:093][  0]LightingResults: New page: Lighting Build
[2020.01.28-18.57.01:095][  0]MapCheck: New page: Map Check
[2020.01.28-18.57.01:095][  0]LightingResults: New page: Lighting Build
[2020.01.28-18.57.01:123][  0]LogUObjectHash: Compacting FUObjectHashTables data took   1.49ms
[2020.01.28-18.57.03:348][  0]LogAIModule: Creating AISystem for world VehicleExampleMap
[2020.01.28-18.57.03:900][  0]LogEditorServer: Finished looking for orphan Actors (0.000 secs)
[2020.01.28-18.57.03:932][  0]LogUObjectHash: Compacting FUObjectHashTables data took   2.39ms
[2020.01.28-18.57.03:932][  0]Cmd: MAP CHECKDEP NOCLEARLOG
[2020.01.28-18.57.03:932][  0]MapCheck: Map check complete: 0 Error(s), 0 Warning(s), took 0.085ms to complete.
[2020.01.28-18.57.03:932][  0]LogFileHelpers: Loading map 'VehicleExampleMap' took 2.840
[2020.01.28-18.57.04:211][  0]LogSlate: Updating window title bar state: overlay mode, drag disabled, window buttons hidden, title bar hidden
[2020.01.28-18.57.04:217][  0]LogSlate: Updating window title bar state: overlay mode, drag disabled, window buttons hidden, title bar hidden
[2020.01.28-18.57.04:225][  0]LogSlate: Updating window title bar state: overlay mode, drag disabled, window buttons hidden, title bar hidden
[2020.01.28-18.57.04:231][  0]LogSlate: Updating window title bar state: overlay mode, drag disabled, window buttons hidden, title bar hidden
[2020.01.28-18.57.04:235][  0]LogCollectionManager: Loaded 0 collections in 0.000864 seconds
[2020.01.28-18.57.04:269][  0]LogFileCache: Scanning file cache for directory 'D:/Program Files (x86)/Unreal/CarCombatGame/Saved/Collections/' took 0.01s
[2020.01.28-18.57.04:269][  0]LogFileCache: Scanning file cache for directory 'D:/Program Files (x86)/Unreal/CarCombatGame/Content/Developers/Owner/Collections/' took 0.00s
[2020.01.28-18.57.04:269][  0]LogFileCache: Scanning file cache for directory 'D:/Program Files (x86)/Unreal/CarCombatGame/Content/Collections/' took 0.00s
[2020.01.28-18.57.04:269][  0]LogCollectionManager: Rebuilt the GUID cache for 0 collections in 0.000000 seconds
[2020.01.28-18.57.04:277][  0]LogContentBrowser: Native class hierarchy populated in 0.0075 seconds. Added 2866 classes and 729 folders.
[2020.01.28-18.57.04:312][  0]LogContentBrowser: Native class hierarchy updated for 'WidgetCarousel' in 0.0002 seconds. Added 0 classes and 0 folders.
[2020.01.28-18.57.04:363][  0]LogPakFile: Registered encryption key '00000000000000000000000000000000': 0 pak files mounted, 0 remain pending
[2020.01.28-18.57.04:390][  0]LogPakFile: Registered encryption key '00000000000000000000000000000000': 0 pak files mounted, 0 remain pending
[2020.01.28-18.57.04:392][  0]LogPakFile: Registered encryption key '00000000000000000000000000000000': 0 pak files mounted, 0 remain pending
[2020.01.28-18.57.04:406][  0]LogPakFile: Registered encryption key '00000000000000000000000000000000': 0 pak files mounted, 0 remain pending
[2020.01.28-18.57.04:409][  0]LogPakFile: Registered encryption key '00000000000000000000000000000000': 0 pak files mounted, 0 remain pending
[2020.01.28-18.57.04:410][  0]LogPakFile: Registered encryption key '00000000000000000000000000000000': 0 pak files mounted, 0 remain pending
[2020.01.28-18.57.04:412][  0]LogPakFile: Registered encryption key '00000000000000000000000000000000': 0 pak files mounted, 0 remain pending
[2020.01.28-18.57.04:414][  0]LogPakFile: Registered encryption key '00000000000000000000000000000000': 0 pak files mounted, 0 remain pending
[2020.01.28-18.57.04:416][  0]LogPakFile: Registered encryption key '00000000000000000000000000000000': 0 pak files mounted, 0 remain pending
[2020.01.28-18.57.04:417][  0]LogPakFile: Registered encryption key '00000000000000000000000000000000': 0 pak files mounted, 0 remain pending
[2020.01.28-18.57.04:419][  0]LogPakFile: Registered encryption key '00000000000000000000000000000000': 0 pak files mounted, 0 remain pending
[2020.01.28-18.57.04:421][  0]LogPakFile: Registered encryption key '00000000000000000000000000000000': 0 pak files mounted, 0 remain pending
[2020.01.28-18.57.04:429][  0]LogPakFile: Registered encryption key '00000000000000000000000000000000': 0 pak files mounted, 0 remain pending
[2020.01.28-18.57.04:438][  0]LogPakFile: Registered encryption key '00000000000000000000000000000000': 0 pak files mounted, 0 remain pending
[2020.01.28-18.57.04:446][  0]LogPakFile: Registered encryption key '00000000000000000000000000000000': 0 pak files mounted, 0 remain pending
[2020.01.28-18.57.04:455][  0]LogPakFile: Registered encryption key '00000000000000000000000000000000': 0 pak files mounted, 0 remain pending
[2020.01.28-18.57.04:464][  0]LogPakFile: Registered encryption key '00000000000000000000000000000000': 0 pak files mounted, 0 remain pending
[2020.01.28-18.57.04:473][  0]LogPakFile: Registered encryption key '00000000000000000000000000000000': 0 pak files mounted, 0 remain pending
[2020.01.28-18.57.04:474][  0]LogPakFile: Registered encryption key '00000000000000000000000000000000': 0 pak files mounted, 0 remain pending
[2020.01.28-18.57.04:482][  0]LogPakFile: Registered encryption key '00000000000000000000000000000000': 0 pak files mounted, 0 remain pending
[2020.01.28-18.57.04:497][  0]LogPakFile: Registered encryption key '00000000000000000000000000000000': 0 pak files mounted, 0 remain pending
[2020.01.28-18.57.04:501][  0]LogPakFile: Registered encryption key '00000000000000000000000000000000': 0 pak files mounted, 0 remain pending
[2020.01.28-18.57.04:503][  0]LogPakFile: Registered encryption key '00000000000000000000000000000000': 0 pak files mounted, 0 remain pending
[2020.01.28-18.57.04:505][  0]LogPakFile: Registered encryption key '00000000000000000000000000000000': 0 pak files mounted, 0 remain pending
[2020.01.28-18.57.04:507][  0]LogPakFile: Registered encryption key '00000000000000000000000000000000': 0 pak files mounted, 0 remain pending
[2020.01.28-18.57.04:509][  0]LogPakFile: Registered encryption key '00000000000000000000000000000000': 0 pak files mounted, 0 remain pending
[2020.01.28-18.57.04:513][  0]LogPakFile: Registered encryption key '00000000000000000000000000000000': 0 pak files mounted, 0 remain pending
[2020.01.28-18.57.04:549][  0]LogPakFile: Registered encryption key '00000000000000000000000000000000': 0 pak files mounted, 0 remain pending
[2020.01.28-18.57.05:778][  0]LogContentBrowser: Native class hierarchy updated for 'AddContentDialog' in 0.0002 seconds. Added 0 classes and 0 folders.
[2020.01.28-18.57.05:780][  0]LogContentBrowser: Native class hierarchy updated for 'SceneOutliner' in 0.0002 seconds. Added 1 classes and 0 folders.
[2020.01.28-18.57.05:929][  0]LogSlate: Took 0.000234 seconds to synchronously load lazily loaded font '../../../Engine/Content/Slate/Fonts/Roboto-Regular.ttf' (155K)
[2020.01.28-18.57.05:930][  0]LogSlate: Took 0.000308 seconds to synchronously load lazily loaded font '../../../Engine/Content/Slate/Fonts/Roboto-Bold.ttf' (160K)
[2020.01.28-18.57.05:960][  0]LogSlate: Took 0.025538 seconds to synchronously load lazily loaded font '../../../Engine/Content/Editor/Slate/Fonts/FontAwesome.ttf' (139K)
[2020.01.28-18.57.06:016][  0]LogRenderer: Reallocating scene render targets to support 964x444 Format 10 NumSamples 1 (Frame:1).
[2020.01.28-18.57.06:256][  0]LogContentBrowser: Native class hierarchy updated for 'HierarchicalLODOutliner' in 0.0002 seconds. Added 0 classes and 0 folders.
[2020.01.28-18.57.06:256][  0]LogLoad: (Engine Initialization) Total time: 25.81 seconds
[2020.01.28-18.57.06:256][  0]LogLoad: (Engine Initialization) Total Blueprint compile time: 0.00 seconds
[2020.01.28-18.57.06:271][  0]LogRawInputWindows: Warning: Found device 0 devices
[2020.01.28-18.57.06:271][  0]LogRawInputWindows: Warning: Found device 0 devices
[2020.01.28-18.57.06:272][  0]LogRawInputWindows: Warning: Device was registered succesfully but not connected (Usage:4 UsagePage:1)
[2020.01.28-18.57.06:272][  0]LogRawInputWindows: Warning: Found device 1 devices
[2020.01.28-18.57.06:272][  0]LogRawInputWindows: Warning: Device was registered succesfully but not connected (Usage:5 UsagePage:1)
[2020.01.28-18.57.06:293][  0]LogAssetRegistry: Asset discovery search completed in 13.6288 seconds
[2020.01.28-18.57.06:295][  0]LogCollectionManager: Rebuilt the object cache for 0 collections in 0.000000 seconds (found 0 objects)
[2020.01.28-18.57.06:295][  0]LogCollectionManager: Fixed up redirectors for 0 collections in 0.000038 seconds (updated 0 objects)
[2020.01.28-18.57.06:296][  0]LogContentStreaming: Texture pool size now 1000 MB
[2020.01.28-18.57.06:614][  0]LogSlate: Took 0.296599 seconds to synchronously load lazily loaded font '../../../Engine/Content/Slate/Fonts/Roboto-Light.ttf' (167K)
[2020.01.28-18.57.07:633][  4]LogSlate: Took 0.000805 seconds to synchronously load lazily loaded font '../../../Engine/Content/Slate/Fonts/Roboto-Light.ttf' (167K)
[2020.01.28-18.57.09:333][  9]LogUObjectHash: Compacting FUObjectHashTables data took   0.56ms
[2020.01.28-18.57.09:468][  9]LogSlate: Window 'CarCombatGame - Unreal Editor' being destroyed
[2020.01.28-18.57.09:469][  9]LogWindowsTextInputMethodSystem: Display: IME system now deactivated.
[2020.01.28-18.57.09:992][ 10]Cmd: QUIT_EDITOR
[2020.01.28-18.57.10:046][ 10]LogExit: Preparing to exit.
[2020.01.28-18.57.10:996][ 10]LogExit: Editor shut down
[2020.01.28-18.57.10:996][ 10]LogExit: Transaction tracking system shut down
[2020.01.28-18.57.11:525][ 10]LogExit: Object subsystem successfully closed.
[2020.01.28-18.57.11:584][ 10]LogShaderCompilers: Display: Shaders left to compile 0
[2020.01.28-18.57.11:589][ 10]LogD3D11RHI: Shutdown
[2020.01.28-18.57.11:589][ 10]LogD3D11RHI: CleanupD3DDevice
[2020.01.28-18.57.11:631][ 10]LogRendererCore: FGlobalReadBuffer::ReleaseRHI
[2020.01.28-18.57.11:631][ 10]LogRendererCore: FGlobalDynamicReadBuffer::Cleanup()
[2020.01.28-18.57.11:631][ 10]LogRendererCore: FGlobalReadBuffer::ReleaseRHI
[2020.01.28-18.57.11:631][ 10]LogRendererCore: FGlobalDynamicReadBuffer::Cleanup()
[2020.01.28-18.57.11:631][ 10]LogRendererCore: FGlobalReadBuffer::ReleaseRHI
[2020.01.28-18.57.11:631][ 10]LogRendererCore: FGlobalDynamicReadBuffer::Cleanup()
[2020.01.28-18.57.12:144][ 10]LogD3D11RHI: ~FD3D11DynamicRHI
[2020.01.28-18.57.12:456][ 10]LogModuleManager: Shutting down and abandoning module HierarchicalLODOutliner (686)
[2020.01.28-18.57.12:456][ 10]LogModuleManager: Shutting down and abandoning module SceneOutliner (684)
[2020.01.28-18.57.12:456][ 10]LogModuleManager: Shutting down and abandoning module AddContentDialog (682)
[2020.01.28-18.57.12:485][ 10]LogModuleManager: Shutting down and abandoning module WidgetCarousel (681)
[2020.01.28-18.57.12:485][ 10]LogModuleManager: Shutting down and abandoning module EditorWidgets (678)
[2020.01.28-18.57.12:485][ 10]LogModuleManager: Shutting down and abandoning module CollectionManager (676)
[2020.01.28-18.57.12:485][ 10]LogModuleManager: Shutting down and abandoning module StatsViewer (674)
[2020.01.28-18.57.12:485][ 10]LogModuleManager: Shutting down and abandoning module FoliageEdit (672)
[2020.01.28-18.57.12:485][ 10]LogModuleManager: Shutting down and abandoning module LandscapeEditor (670)
[2020.01.28-18.57.12:485][ 10]LogModuleManager: Shutting down and abandoning module MeshPaintMode (668)
[2020.01.28-18.57.12:485][ 10]LogModuleManager: Shutting down and abandoning module SceneDepthPickerMode (666)
[2020.01.28-18.57.12:485][ 10]LogModuleManager: Shutting down and abandoning module ActorPickerMode (664)
[2020.01.28-18.57.12:485][ 10]LogModuleManager: Shutting down and abandoning module GeometryMode (662)
[2020.01.28-18.57.12:485][ 10]LogModuleManager: Shutting down and abandoning module TextureAlignMode (660)
[2020.01.28-18.57.12:486][ 10]LogModuleManager: Shutting down and abandoning module BspMode (658)
[2020.01.28-18.57.12:486][ 10]LogModuleManager: Shutting down and abandoning module PIEPreviewDeviceProfileSelector (656)
[2020.01.28-18.57.12:486][ 10]LogModuleManager: Shutting down and abandoning module SequenceRecorderSections (654)
[2020.01.28-18.57.12:486][ 10]LogModuleManager: Shutting down and abandoning module AutomationWorker (652)
[2020.01.28-18.57.12:486][ 10]LogModuleManager: Shutting down and abandoning module DatasmithFBXImporter (650)
[2020.01.28-18.57.12:486][ 10]LogModuleManager: Shutting down and abandoning module DatasmithDeltaGenImporter (648)
[2020.01.28-18.57.12:486][ 10]LogModuleManager: Shutting down and abandoning module DatasmithVREDImporter (646)
[2020.01.28-18.57.12:486][ 10]LogModuleManager: Shutting down and abandoning module OculusMR (644)
[2020.01.28-18.57.12:486][ 10]LogModuleManager: Shutting down and abandoning module AudioCaptureEditor (642)
[2020.01.28-18.57.12:486][ 10]LogModuleManager: Shutting down and abandoning module MatineeToLevelSequence (640)
[2020.01.28-18.57.12:486][ 10]LogModuleManager: Shutting down and abandoning module LevelSequenceEditor (638)
[2020.01.28-18.57.12:486][ 10]LogModuleManager: Shutting down and abandoning module PlacementMode (637)
[2020.01.28-18.57.12:486][ 10]LogModuleManager: Shutting down and abandoning module MaterialEditor (636)
[2020.01.28-18.57.12:486][ 10]LogModuleManager: Shutting down and abandoning module ActorSequenceEditor (632)
[2020.01.28-18.57.12:486][ 10]LogModuleManager: Shutting down and abandoning module WmfMediaFactory (630)
[2020.01.28-18.57.12:486][ 10]LogModuleManager: Shutting down and abandoning module WmfMediaEditor (628)
[2020.01.28-18.57.12:486][ 10]LogModuleManager: Shutting down and abandoning module WebMMediaFactory (626)
[2020.01.28-18.57.12:486][ 10]LogModuleManager: Shutting down and abandoning module WebMMediaEditor (624)
[2020.01.28-18.57.12:486][ 10]LogModuleManager: Shutting down and abandoning module WebMMedia (622)
[2020.01.28-18.57.12:486][ 10]LogModuleManager: Shutting down and abandoning module MediaPlayerEditor (620)
[2020.01.28-18.57.12:486][ 10]LogModuleManager: Shutting down and abandoning module MediaCompositingEditor (618)
[2020.01.28-18.57.12:486][ 10]LogModuleManager: Shutting down and abandoning module SequenceRecorder (617)
[2020.01.28-18.57.12:487][ 10]LogModuleManager: Shutting down and abandoning module OpenExrWrapper (614)
[2020.01.28-18.57.12:487][ 10]LogModuleManager: Shutting down and abandoning module ImgMediaFactory (612)
[2020.01.28-18.57.12:487][ 10]LogModuleManager: Shutting down and abandoning module ImgMediaEditor (610)
[2020.01.28-18.57.12:487][ 10]LogModuleManager: Shutting down and abandoning module AvfMediaFactory (608)
[2020.01.28-18.57.12:487][ 10]LogModuleManager: Shutting down and abandoning module AvfMediaEditor (606)
[2020.01.28-18.57.12:487][ 10]LogModuleManager: Shutting down and abandoning module AndroidMediaFactory (604)
[2020.01.28-18.57.12:487][ 10]LogModuleManager: Shutting down and abandoning module AndroidMediaEditor (602)
[2020.01.28-18.57.12:487][ 10]LogModuleManager: Shutting down and abandoning module MagicLeapCameraPreviewFactory (600)
[2020.01.28-18.57.12:487][ 10]LogModuleManager: Shutting down and abandoning module MagicLeapMediaCodecFactory (598)
[2020.01.28-18.57.12:487][ 10]LogModuleManager: Shutting down and abandoning module MagicLeapMediaFactory (596)
[2020.01.28-18.57.12:487][ 10]LogModuleManager: Shutting down and abandoning module MagicLeapMediaEditor (594)
[2020.01.28-18.57.12:487][ 10]LogModuleManager: Shutting down and abandoning module CharacterAI (592)
[2020.01.28-18.57.12:487][ 10]LogModuleManager: Shutting down and abandoning module SmartSnapping (590)
[2020.01.28-18.57.12:487][ 10]LogModuleManager: Shutting down and abandoning module SessionServices (588)
[2020.01.28-18.57.12:487][ 10]LogModuleManager: Shutting down and abandoning module MeshPaint (586)
[2020.01.28-18.57.12:487][ 10]LogModuleManager: Shutting down and abandoning module ViewportSnapping (584)
[2020.01.28-18.57.12:487][ 10]LogModuleManager: Shutting down and abandoning module ViewportInteraction (582)
[2020.01.28-18.57.12:487][ 10]LogModuleManager: Shutting down and abandoning module ClothPainter (580)
[2020.01.28-18.57.12:487][ 10]LogModuleManager: Shutting down and abandoning module SkeletalMeshEditor (579)
[2020.01.28-18.57.12:487][ 10]LogModuleManager: Shutting down and abandoning module LogVisualizer (576)
[2020.01.28-18.57.12:487][ 10]LogModuleManager: Shutting down and abandoning module IntroTutorials (574)
[2020.01.28-18.57.12:487][ 10]LogModuleManager: Shutting down and abandoning module GameProjectGeneration (573)
[2020.01.28-18.57.12:487][ 10]LogModuleManager: Shutting down and abandoning module LuminPlatformEditor (570)
[2020.01.28-18.57.12:487][ 10]LogModuleManager: Shutting down and abandoning module IOSPlatformEditor (568)
[2020.01.28-18.57.12:487][ 10]LogModuleManager: Shutting down and abandoning module HTML5PlatformEditor (566)
[2020.01.28-18.57.12:487][ 10]LogModuleManager: Shutting down and abandoning module AndroidPlatformEditor (564)
[2020.01.28-18.57.12:487][ 10]LogModuleManager: Shutting down and abandoning module AndroidDeviceDetection (563)
[2020.01.28-18.57.13:102][ 10]LogModuleManager: Shutting down and abandoning module WindowsPlatformEditor (560)
[2020.01.28-18.57.13:102][ 10]LogModuleManager: Shutting down and abandoning module LuminRuntimeSettings (558)
[2020.01.28-18.57.13:102][ 10]LogModuleManager: Shutting down and abandoning module IOSRuntimeSettings (556)
[2020.01.28-18.57.13:102][ 10]LogModuleManager: Shutting down and abandoning module AndroidRuntimeSettings (554)
[2020.01.28-18.57.13:102][ 10]LogModuleManager: Shutting down and abandoning module TimeManagementEditor (552)
[2020.01.28-18.57.13:102][ 10]LogModuleManager: Shutting down and abandoning module InputBindingEditor (550)
[2020.01.28-18.57.13:102][ 10]LogModuleManager: Shutting down and abandoning module MergeActors (548)
[2020.01.28-18.57.13:102][ 10]LogModuleManager: Shutting down and abandoning module LocalizationDashboard (546)
[2020.01.28-18.57.13:102][ 10]LogModuleManager: Shutting down and abandoning module LocalizationService (545)
[2020.01.28-18.57.13:102][ 10]LogModuleManager: Shutting down and abandoning module HardwareTargeting (542)
[2020.01.28-18.57.13:102][ 10]LogModuleManager: Shutting down and abandoning module DeviceProfileEditor (540)
[2020.01.28-18.57.13:102][ 10]LogModuleManager: Shutting down and abandoning module UndoHistory (538)
[2020.01.28-18.57.13:102][ 10]LogModuleManager: Shutting down and abandoning module XmlParser (536)
[2020.01.28-18.57.13:102][ 10]LogModuleManager: Shutting down and abandoning module Blutility (534)
[2020.01.28-18.57.13:102][ 10]LogModuleManager: Shutting down and abandoning module ProjectSettingsViewer (532)
[2020.01.28-18.57.13:102][ 10]LogModuleManager: Shutting down and abandoning module ProjectTargetPlatformEditor (531)
[2020.01.28-18.57.13:102][ 10]LogModuleManager: Shutting down and abandoning module EditorSettingsViewer (528)
[2020.01.28-18.57.13:103][ 10]LogModuleManager: Shutting down and abandoning module SettingsEditor (526)
[2020.01.28-18.57.13:103][ 10]LogModuleManager: Shutting down and abandoning module ProjectLauncher (524)
[2020.01.28-18.57.13:103][ 10]LogModuleManager: Shutting down and abandoning module SessionFrontend (522)
[2020.01.28-18.57.13:103][ 10]LogModuleManager: Shutting down and abandoning module ProfilerClient (520)
[2020.01.28-18.57.13:103][ 10]LogModuleManager: Shutting down and abandoning module DeviceManager (518)
[2020.01.28-18.57.13:103][ 10]LogModuleManager: Shutting down and abandoning module TargetDeviceServices (517)
[2020.01.28-18.57.13:156][ 10]LogModuleManager: Shutting down and abandoning module AutomationController (514)
[2020.01.28-18.57.13:156][ 10]LogModuleManager: Shutting down and abandoning module AutomationWindow (512)
[2020.01.28-18.57.13:156][ 10]LogModuleManager: Shutting down and abandoning module Layers (510)
[2020.01.28-18.57.13:156][ 10]LogModuleManager: Shutting down and abandoning module ComponentVisualizers (508)
[2020.01.28-18.57.13:156][ 10]LogModuleManager: Shutting down and abandoning module DetailCustomizations (506)
[2020.01.28-18.57.13:156][ 10]LogModuleManager: Shutting down and abandoning module PackagesDialog (504)
[2020.01.28-18.57.13:156][ 10]LogModuleManager: Shutting down and abandoning module AnimationBlueprintEditor (502)
[2020.01.28-18.57.13:156][ 10]LogModuleManager: Shutting down and abandoning module Persona (500)
[2020.01.28-18.57.13:156][ 10]LogModuleManager: Shutting down and abandoning module AnimGraph (499)
[2020.01.28-18.57.13:156][ 10]LogModuleManager: Shutting down and abandoning module Kismet (496)
[2020.01.28-18.57.13:156][ 10]LogModuleManager: Shutting down and abandoning module GraphEditor (494)
[2020.01.28-18.57.13:156][ 10]LogModuleManager: Shutting down and abandoning module ClassViewer (492)
[2020.01.28-18.57.13:156][ 10]LogModuleManager: Shutting down and abandoning module Toolbox (490)
[2020.01.28-18.57.13:156][ 10]LogModuleManager: Shutting down and abandoning module ModuleUI (488)
[2020.01.28-18.57.13:156][ 10]LogModuleManager: Shutting down and abandoning module MovieSceneTools (486)
[2020.01.28-18.57.13:157][ 10]LogModuleManager: Shutting down and abandoning module OutputLog (484)
[2020.01.28-18.57.13:158][ 10]LogModuleManager: Shutting down and abandoning module GammaUI (482)
[2020.01.28-18.57.13:158][ 10]LogModuleManager: Shutting down and abandoning module Documentation (480)
[2020.01.28-18.57.13:158][ 10]LogModuleManager: Shutting down and abandoning module LiveCoding (478)
[2020.01.28-18.57.13:158][ 10]LogModuleManager: Shutting down and abandoning module LevelSequence (476)
[2020.01.28-18.57.13:158][ 10]LogModuleManager: Shutting down and abandoning module MovieSceneTracks (474)
[2020.01.28-18.57.13:158][ 10]LogModuleManager: Shutting down and abandoning module MovieScene (472)
[2020.01.28-18.57.13:158][ 10]LogModuleManager: Shutting down and abandoning module StreamingPauseRendering (470)
[2020.01.28-18.57.13:158][ 10]LogModuleManager: Shutting down and abandoning module LauncherPlatform (468)
[2020.01.28-18.57.13:158][ 10]LogModuleManager: Shutting down and abandoning module AnalyticsET (466)
[2020.01.28-18.57.13:158][ 10]LogModuleManager: Shutting down and abandoning module PortalServices (464)
[2020.01.28-18.57.13:158][ 10]LogModuleManager: Shutting down and abandoning module PortalRpc (462)
[2020.01.28-18.57.13:158][ 10]LogModuleManager: Shutting down and abandoning module MessagingRpc (460)
[2020.01.28-18.57.13:158][ 10]LogModuleManager: Shutting down and abandoning module AIModule (458)
[2020.01.28-18.57.13:158][ 10]LogModuleManager: Shutting down and abandoning module GameplayDebugger (457)
[2020.01.28-18.57.13:158][ 10]LogModuleManager: Shutting down and abandoning module AITestSuite (455)
[2020.01.28-18.57.13:158][ 10]LogModuleManager: Shutting down and abandoning module NavigationSystem (453)
[2020.01.28-18.57.13:158][ 10]LogModuleManager: Shutting down and abandoning module DesktopPlatform (450)
[2020.01.28-18.57.13:158][ 10]LogModuleManager: Shutting down and abandoning module ImageWriteQueue (448)
[2020.01.28-18.57.13:161][ 10]LogModuleManager: Shutting down and abandoning module ProfilerService (446)
[2020.01.28-18.57.13:361][ 10]LogModuleManager: Shutting down and abandoning module TaskGraph (444)
[2020.01.28-18.57.13:361][ 10]LogModuleManager: Shutting down and abandoning module DatasmithCADImporter (442)
[2020.01.28-18.57.13:363][ 10]LogModuleManager: Shutting down and abandoning module VariantManager (440)
[2020.01.28-18.57.13:365][ 10]LogModuleManager: Shutting down and abandoning module StaticMeshEditorExtension (438)
[2020.01.28-18.57.13:365][ 10]LogModuleManager: Shutting down and abandoning module StaticMeshEditor (437)
[2020.01.28-18.57.13:393][ 10]LogModuleManager: Shutting down and abandoning module AdvancedPreviewScene (436)
[2020.01.28-18.57.13:393][ 10]LogModuleManager: Shutting down and abandoning module MeshProcessingLibrary (433)
[2020.01.28-18.57.13:424][ 10]LogModuleManager: Shutting down and abandoning module MDLImporter (430)
[2020.01.28-18.57.13:433][ 10]LogModuleManager: Shutting down and abandoning module DatasmithGLTFImporter (428)
[2020.01.28-18.57.13:474][ 10]LogModuleManager: Shutting down and abandoning module DatasmithImporter (427)
[2020.01.28-18.57.13:476][ 10]LogModuleManager: Shutting down and abandoning module DatasmithDataPrepLibraries (424)
[2020.01.28-18.57.13:496][ 10]LogModuleManager: Shutting down and abandoning module DatasmithDataPrepEditor (422)
[2020.01.28-18.57.13:524][ 10]LogModuleManager: Shutting down and abandoning module SteamVRController (420)
[2020.01.28-18.57.13:524][ 10]LogModuleManager: Shutting down and abandoning module ProceduralMeshComponentEditor (418)
[2020.01.28-18.57.13:524][ 10]LogModuleManager: Shutting down and abandoning module ProceduralMeshComponent (416)
[2020.01.28-18.57.13:524][ 10]LogModuleManager: Shutting down and abandoning module OculusEditor (414)
[2020.01.28-18.57.13:524][ 10]LogModuleManager: Shutting down and abandoning module OculusInput (412)
[2020.01.28-18.57.13:524][ 10]LogModuleManager: Shutting down and abandoning module MobilePatchingUtils (410)
[2020.01.28-18.57.13:524][ 10]LogModuleManager: Shutting down and abandoning module EditableMesh (408)
[2020.01.28-18.57.13:524][ 10]LogModuleManager: Shutting down and abandoning module CustomMeshComponent (406)
[2020.01.28-18.57.13:524][ 10]LogModuleManager: Shutting down and abandoning module CableComponent (404)
[2020.01.28-18.57.13:524][ 10]LogModuleManager: Shutting down and abandoning module AudioCapture (402)
[2020.01.28-18.57.13:524][ 10]LogModuleManager: Shutting down and abandoning module ArchVisCharacter (400)
[2020.01.28-18.57.13:524][ 10]LogModuleManager: Shutting down and abandoning module AndroidPermission (398)
[2020.01.28-18.57.13:524][ 10]LogModuleManager: Shutting down and abandoning module NUTUnrealEngine4 (396)
[2020.01.28-18.57.13:524][ 10]LogModuleManager: Shutting down and abandoning module NetcodeUnitTest (394)
[2020.01.28-18.57.13:524][ 10]LogModuleManager: Shutting down and abandoning module MediaCompositing (392)
[2020.01.28-18.57.13:524][ 10]LogModuleManager: Shutting down and abandoning module LinearTimecode (390)
[2020.01.28-18.57.13:524][ 10]LogModuleManager: Shutting down and abandoning module ImgMedia (388)
[2020.01.28-18.57.13:524][ 10]LogModuleManager: Shutting down and abandoning module MagicLeapHelperVulkan (386)
[2020.01.28-18.57.13:524][ 10]LogModuleManager: Shutting down and abandoning module MagicLeapHelperOpenGL (384)
[2020.01.28-18.57.13:524][ 10]LogModuleManager: Shutting down and abandoning module MagicLeapAudio (382)
[2020.01.28-18.57.13:524][ 10]LogModuleManager: Shutting down and abandoning module RawInput (380)
[2020.01.28-18.57.13:524][ 10]LogModuleManager: Shutting down and abandoning module HTML5Networking (378)
[2020.01.28-18.57.13:524][ 10]LogModuleManager: Shutting down and abandoning module GeometryCollectionEditor (376)
[2020.01.28-18.57.13:524][ 10]LogModuleManager: Shutting down and abandoning module GeometryCollectionExampleCore (374)
[2020.01.28-18.57.13:542][ 10]LogModuleManager: Shutting down and abandoning module GeometryCacheTracks (372)
[2020.01.28-18.57.13:543][ 10]LogModuleManager: Shutting down and abandoning module GeometryCacheSequencer (370)
[2020.01.28-18.57.13:543][ 10]LogModuleManager: Shutting down and abandoning module ChaosSolverEditor (368)
[2020.01.28-18.57.13:543][ 10]LogModuleManager: Shutting down and abandoning module BlastAuthoring (366)
[2020.01.28-18.57.13:543][ 10]LogModuleManager: Shutting down and abandoning module BackChannel (364)
[2020.01.28-18.57.13:543][ 10]LogModuleManager: Shutting down and abandoning module AppleVision (362)
[2020.01.28-18.57.13:543][ 10]LogModuleManager: Shutting down and abandoning module AppleImageUtilsBlueprintSupport (360)
[2020.01.28-18.57.13:543][ 10]LogModuleManager: Shutting down and abandoning module AppleImageUtils (358)
[2020.01.28-18.57.13:543][ 10]LogModuleManager: Shutting down and abandoning module AlembicImporter (356)
[2020.01.28-18.57.13:543][ 10]LogModuleManager: Shutting down and abandoning module AlembicLibrary (355)
[2020.01.28-18.57.13:543][ 10]LogModuleManager: Shutting down and abandoning module GeometryCache (354)
[2020.01.28-18.57.13:543][ 10]LogModuleManager: Shutting down and abandoning module GeometryCacheEd (353)
[2020.01.28-18.57.13:543][ 10]LogModuleManager: Shutting down and abandoning module VariantManagerContent (348)
[2020.01.28-18.57.13:543][ 10]LogModuleManager: Shutting down and abandoning module DatasmithContentEditor (346)
[2020.01.28-18.57.13:543][ 10]LogModuleManager: Shutting down and abandoning module SpeedTreeImporter (344)
[2020.01.28-18.57.13:543][ 10]LogModuleManager: Shutting down and abandoning module PluginBrowser (342)
[2020.01.28-18.57.13:543][ 10]LogModuleManager: Shutting down and abandoning module MobileLauncherProfileWizard (340)
[2020.01.28-18.57.13:543][ 10]LogModuleManager: Shutting down and abandoning module PolygonModeling (338)
[2020.01.28-18.57.13:543][ 10]LogModuleManager: Shutting down and abandoning module MeshEditor (336)
[2020.01.28-18.57.13:543][ 10]LogModuleManager: Shutting down and abandoning module MaterialAnalyzer (334)
[2020.01.28-18.57.13:543][ 10]LogModuleManager: Shutting down and abandoning module GLTFImporter (332)
[2020.01.28-18.57.13:571][ 10]LogModuleManager: Shutting down and abandoning module EditorScriptingUtilities (330)
[2020.01.28-18.57.13:571][ 10]LogModuleManager: Shutting down and abandoning module CryptoKeysOpenSSL (328)
[2020.01.28-18.57.13:571][ 10]LogModuleManager: Shutting down and abandoning module CryptoKeys (326)
[2020.01.28-18.57.13:571][ 10]LogModuleManager: Shutting down and abandoning module VisualStudioSourceCodeAccess (324)
[2020.01.28-18.57.13:571][ 10]LogModuleManager: Shutting down and abandoning module VisualStudioCodeSourceCodeAccess (322)
[2020.01.28-18.57.13:571][ 10]LogModuleManager: Shutting down and abandoning module UObjectPlugin (320)
[2020.01.28-18.57.13:571][ 10]LogModuleManager: Shutting down and abandoning module SubversionSourceControl (318)
[2020.01.28-18.57.13:571][ 10]LogModuleManager: Shutting down and abandoning module PerforceSourceControl (316)
[2020.01.28-18.57.13:571][ 10]LogModuleManager: Shutting down and abandoning module GitSourceControl (314)
[2020.01.28-18.57.13:571][ 10]LogModuleManager: Shutting down and abandoning module SourceControl (313)
[2020.01.28-18.57.13:571][ 10]LogModuleManager: Shutting down and abandoning module CLionSourceCodeAccess (310)
[2020.01.28-18.57.13:571][ 10]LogModuleManager: Shutting down and abandoning module AnimationSharingEd (308)
[2020.01.28-18.57.13:571][ 10]LogModuleManager: Shutting down and abandoning module ActorLayerUtilitiesEditor (306)
[2020.01.28-18.57.13:571][ 10]LogModuleManager: Shutting down and abandoning module ActorLayerUtilities (304)
[2020.01.28-18.57.13:571][ 10]LogModuleManager: Shutting down and abandoning module LightPropagationVolumeEditor (302)
[2020.01.28-18.57.13:571][ 10]LogModuleManager: Shutting down and abandoning module PaperTiledImporter (300)
[2020.01.28-18.57.13:572][ 10]LogModuleManager: Shutting down and abandoning module PaperSpriteSheetImporter (298)
[2020.01.28-18.57.13:572][ 10]LogModuleManager: Shutting down and abandoning module Paper2DEditor (296)
[2020.01.28-18.57.13:572][ 10]LogModuleManager: Shutting down and abandoning module SignificanceManager (294)
[2020.01.28-18.57.13:572][ 10]LogModuleManager: Shutting down and abandoning module RuntimePhysXCooking (292)
[2020.01.28-18.57.13:572][ 10]LogModuleManager: Shutting down and abandoning module PhysXVehiclesEditor (290)
[2020.01.28-18.57.13:572][ 10]LogModuleManager: Shutting down and abandoning module PhysXVehicles (288)
[2020.01.28-18.57.13:572][ 10]LogModuleManager: Shutting down and abandoning module LocationServicesBPLibrary (286)
[2020.01.28-18.57.13:572][ 10]LogModuleManager: Shutting down and abandoning module ActorSequence (284)
[2020.01.28-18.57.13:572][ 10]LogModuleManager: Shutting down and abandoning module UdpMessaging (282)
[2020.01.28-18.57.13:672][ 10]LogModuleManager: Shutting down and abandoning module TcpMessaging (280)
[2020.01.28-18.57.13:773][ 10]LogModuleManager: Shutting down and abandoning module MagicLeapIdentity (278)
[2020.01.28-18.57.13:773][ 10]LogModuleManager: Shutting down and abandoning module MagicLeapSecureStorage (276)
[2020.01.28-18.57.13:773][ 10]LogModuleManager: Shutting down and abandoning module MagicLeapHandTracking (274)
[2020.01.28-18.57.13:773][ 10]LogModuleManager: Shutting down and abandoning module MagicLeapEyeTracker (272)
[2020.01.28-18.57.13:773][ 10]LogModuleManager: Shutting down and abandoning module MagicLeapController (270)
[2020.01.28-18.57.13:773][ 10]LogSlate: Slate User Destroyed.  User Index 0, Is Virtual User: 0
[2020.01.28-18.57.13:773][ 10]LogModuleManager: Shutting down and abandoning module MagicLeapAR (268)
[2020.01.28-18.57.13:773][ 10]LogModuleManager: Shutting down and abandoning module AugmentedReality (267)
[2020.01.28-18.57.13:773][ 10]LogModuleManager: Shutting down and abandoning module GameplayTagsEditor (264)
[2020.01.28-18.57.13:773][ 10]LogModuleManager: Shutting down and abandoning module FacialAnimationEditor (262)
[2020.01.28-18.57.13:773][ 10]LogModuleManager: Shutting down and abandoning module FacialAnimation (260)
[2020.01.28-18.57.13:773][ 10]LogModuleManager: Shutting down and abandoning module DataValidation (258)
[2020.01.28-18.57.13:773][ 10]LogModuleManager: Shutting down and abandoning module AssetManagerEditor (256)
[2020.01.28-18.57.13:773][ 10]LogModuleManager: Shutting down and abandoning module LevelEditor (255)
[2020.01.28-18.57.13:773][ 10]LogModuleManager: Shutting down and abandoning module PixelInspectorModule (254)
[2020.01.28-18.57.13:773][ 10]LogModuleManager: Shutting down and abandoning module CommonMenuExtensions (252)
[2020.01.28-18.57.13:774][ 10]LogModuleManager: Shutting down and abandoning module MainFrame (250)
[2020.01.28-18.57.13:774][ 10]LogModuleManager: Shutting down and abandoning module HotReload (249)
[2020.01.28-18.57.13:775][ 10]LogModuleManager: Shutting down and abandoning module ContentBrowser (245)
[2020.01.28-18.57.13:776][ 10]LogModuleManager: Shutting down and abandoning module TreeMap (243)
[2020.01.28-18.57.13:776][ 10]LogModuleManager: Shutting down and abandoning module AnimationSharing (240)
[2020.01.28-18.57.13:776][ 10]LogModuleManager: Shutting down and abandoning module LightPropagationVolumeRuntime (238)
[2020.01.28-18.57.13:776][ 10]LogModuleManager: Shutting down and abandoning module AISupportModule (236)
[2020.01.28-18.57.13:776][ 10]LogModuleManager: Shutting down and abandoning module Paper2D (234)
[2020.01.28-18.57.13:776][ 10]LogModuleManager: Shutting down and abandoning module WindowsMoviePlayer (232)
[2020.01.28-18.57.13:776][ 10]LogModuleManager: Shutting down and abandoning module WebMMoviePlayer (230)
[2020.01.28-18.57.13:776][ 10]LogModuleManager: Shutting down and abandoning module PacketHandler (228)
[2020.01.28-18.57.13:776][ 10]LogModuleManager: Shutting down and abandoning module ClothingSystemEditor (226)
[2020.01.28-18.57.13:776][ 10]LogModuleManager: Shutting down and abandoning module ClothingSystemRuntime (224)
[2020.01.28-18.57.13:776][ 10]LogModuleManager: Shutting down and abandoning module MediaAssets (222)
[2020.01.28-18.57.13:776][ 10]LogModuleManager: Shutting down and abandoning module Overlay (220)
[2020.01.28-18.57.13:776][ 10]LogModuleManager: Shutting down and abandoning module OverlayEditor (219)
[2020.01.28-18.57.13:776][ 10]LogModuleManager: Shutting down and abandoning module VREditor (216)
[2020.01.28-18.57.13:776][ 10]LogModuleManager: Shutting down and abandoning module StringTableEditor (214)
[2020.01.28-18.57.13:776][ 10]LogModuleManager: Shutting down and abandoning module GameplayTasksEditor (212)
[2020.01.28-18.57.13:776][ 10]LogModuleManager: Shutting down and abandoning module BehaviorTreeEditor (210)
[2020.01.28-18.57.13:776][ 10]LogModuleManager: Shutting down and abandoning module FunctionalTesting (208)
[2020.01.28-18.57.13:776][ 10]LogModuleManager: Shutting down and abandoning module CollisionAnalyzer (206)
[2020.01.28-18.57.13:776][ 10]LogModuleManager: Shutting down and abandoning module WorkspaceMenuStructure (205)
[2020.01.28-18.57.13:776][ 10]LogModuleManager: Shutting down and abandoning module UMG (202)
[2020.01.28-18.57.13:776][ 10]LogModuleManager: Shutting down and abandoning module UMGEditor (201)
[2020.01.28-18.57.13:776][ 10]LogModuleManager: Shutting down and abandoning module Sequencer (200)
[2020.01.28-18.57.13:776][ 10]LogModuleManager: Shutting down and abandoning module MessageLog (197)
[2020.01.28-18.57.13:776][ 10]LogModuleManager: Shutting down and abandoning module SlateReflector (192)
[2020.01.28-18.57.13:776][ 10]LogModuleManager: Shutting down and abandoning module Slate (190)
[2020.01.28-18.57.13:776][ 10]LogModuleManager: Shutting down and abandoning module EditorStyle (188)
[2020.01.28-18.57.13:778][ 10]LogModuleManager: Shutting down and abandoning module UnrealEd (186)
[2020.01.28-18.57.13:778][ 10]LogModuleManager: Shutting down and abandoning module MRMesh (184)
[2020.01.28-18.57.13:778][ 10]LogModuleManager: Shutting down and abandoning module SourceCodeAccess (182)
[2020.01.28-18.57.13:778][ 10]LogModuleManager: Shutting down and abandoning module HeadMountedDisplay (180)
[2020.01.28-18.57.13:778][ 10]LogModuleManager: Shutting down and abandoning module XAudio2 (178)
[2020.01.28-18.57.13:778][ 10]LogModuleManager: Shutting down and abandoning module Networking (176)
[2020.01.28-18.57.13:778][ 10]LogModuleManager: Shutting down and abandoning module Core (174)
[2020.01.28-18.57.13:778][ 10]LogModuleManager: Shutting down and abandoning module KismetCompiler (172)
[2020.01.28-18.57.13:778][ 10]LogModuleManager: Shutting down and abandoning module MeshUtilities (170)
[2020.01.28-18.57.13:778][ 10]LogModuleManager: Shutting down and abandoning module MeshMergeUtilities (169)
[2020.01.28-18.57.13:778][ 10]LogModuleManager: Shutting down and abandoning module MeshReductionInterface (168)
[2020.01.28-18.57.13:778][ 10]LogModuleManager: Shutting down and abandoning module SkeletalMeshReduction (167)
[2020.01.28-18.57.13:778][ 10]LogModuleManager: Shutting down and abandoning module ProxyLODMeshReduction (165)
[2020.01.28-18.57.13:778][ 10]LogModuleManager: Shutting down and abandoning module QuadricMeshReduction (163)
[2020.01.28-18.57.13:778][ 10]LogModuleManager: Shutting down and abandoning module MaterialBaking (159)
[2020.01.28-18.57.13:778][ 10]LogModuleManager: Shutting down and abandoning module DerivedDataCache (154)
[2020.01.28-18.57.14:015][ 10]LogDerivedDataCache: Shutdown
[2020.01.28-18.57.14:015][ 10]LogModuleManager: Shutting down and abandoning module XGEController (152)
[2020.01.28-18.57.14:015][ 10]LogModuleManager: Shutting down and abandoning module TargetPlatform (150)
[2020.01.28-18.57.14:015][ 10]LogModuleManager: Shutting down and abandoning module VulkanShaderFormat (149)
[2020.01.28-18.57.14:015][ 10]LogModuleManager: Shutting down and abandoning module ShaderFormatVectorVM (147)
[2020.01.28-18.57.14:015][ 10]LogModuleManager: Shutting down and abandoning module ShaderFormatOpenGL (145)
[2020.01.28-18.57.14:015][ 10]LogModuleManager: Shutting down and abandoning module ShaderFormatD3D (143)
[2020.01.28-18.57.14:015][ 10]LogModuleManager: Shutting down and abandoning module MetalShaderFormat (141)
[2020.01.28-18.57.14:015][ 10]LogModuleManager: Shutting down and abandoning module TextureFormatUncompressed (139)
[2020.01.28-18.57.14:015][ 10]LogModuleManager: Shutting down and abandoning module TextureFormatPVR (137)
[2020.01.28-18.57.14:015][ 10]LogModuleManager: Shutting down and abandoning module TextureFormatDXT (135)
[2020.01.28-18.57.14:015][ 10]LogModuleManager: Shutting down and abandoning module TextureFormatIntelISPCTexComp (133)
[2020.01.28-18.57.14:015][ 10]LogModuleManager: Shutting down and abandoning module TextureFormatASTC (131)
[2020.01.28-18.57.14:015][ 10]LogModuleManager: Shutting down and abandoning module ImageWrapper (130)
[2020.01.28-18.57.14:015][ 10]LogModuleManager: Shutting down and abandoning module TextureFormatAndroid (127)
[2020.01.28-18.57.14:015][ 10]LogModuleManager: Shutting down and abandoning module AudioFormatOpus (125)
[2020.01.28-18.57.14:015][ 10]LogModuleManager: Shutting down and abandoning module AudioFormatOgg (123)
[2020.01.28-18.57.14:015][ 10]LogModuleManager: Shutting down and abandoning module AudioFormatADPCM (121)
[2020.01.28-18.57.14:015][ 10]LogModuleManager: Shutting down and abandoning module LuminTargetPlatform (119)
[2020.01.28-18.57.14:015][ 10]LogModuleManager: Shutting down and abandoning module LinuxTargetPlatform (117)
[2020.01.28-18.57.14:015][ 10]LogModuleManager: Shutting down and abandoning module LinuxServerTargetPlatform (115)
[2020.01.28-18.57.14:015][ 10]LogModuleManager: Shutting down and abandoning module LinuxNoEditorTargetPlatform (113)
[2020.01.28-18.57.14:015][ 10]LogModuleManager: Shutting down and abandoning module LinuxClientTargetPlatform (111)
[2020.01.28-18.57.14:015][ 10]LogModuleManager: Shutting down and abandoning module TVOSTargetPlatform (109)
[2020.01.28-18.57.14:016][ 10]LogModuleManager: Shutting down and abandoning module Messaging (107)
[2020.01.28-18.57.14:016][ 10]LogModuleManager: Shutting down and abandoning module IOSTargetPlatform (105)
[2020.01.28-18.57.14:016][ 10]LogModuleManager: Shutting down and abandoning module HTML5TargetPlatform (103)
[2020.01.28-18.57.14:016][ 10]LogModuleManager: Shutting down and abandoning module AndroidTargetPlatform (101)
[2020.01.28-18.57.14:020][ 10]LogModuleManager: Shutting down and abandoning module WindowsTargetPlatform (99)
[2020.01.28-18.57.14:020][ 10]LogModuleManager: Shutting down and abandoning module WindowsServerTargetPlatform (97)
[2020.01.28-18.57.14:020][ 10]LogModuleManager: Shutting down and abandoning module WindowsNoEditorTargetPlatform (95)
[2020.01.28-18.57.14:020][ 10]LogModuleManager: Shutting down and abandoning module WindowsClientTargetPlatform (93)
[2020.01.28-18.57.14:020][ 10]LogModuleManager: Shutting down and abandoning module MacTargetPlatform (91)
[2020.01.28-18.57.14:020][ 10]LogModuleManager: Shutting down and abandoning module MacServerTargetPlatform (89)
[2020.01.28-18.57.14:020][ 10]LogModuleManager: Shutting down and abandoning module MacNoEditorTargetPlatform (87)
[2020.01.28-18.57.14:020][ 10]LogModuleManager: Shutting down and abandoning module MacClientTargetPlatform (85)
[2020.01.28-18.57.14:020][ 10]LogModuleManager: Shutting down and abandoning module AllDesktopTargetPlatform (83)
[2020.01.28-18.57.14:020][ 10]LogModuleManager: Shutting down and abandoning module InputCore (80)
[2020.01.28-18.57.14:020][ 10]LogModuleManager: Shutting down and abandoning module Settings (78)
[2020.01.28-18.57.14:020][ 10]LogModuleManager: Shutting down and abandoning module DirectoryWatcher (76)
[2020.01.28-18.57.14:020][ 10]LogModuleManager: Shutting down and abandoning module PhysXCooking (74)
[2020.01.28-18.57.14:020][ 10]LogModuleManager: Shutting down and abandoning module SteamVR (72)
[2020.01.28-18.57.14:020][ 10]LogHMD: Freeing OpenVRDLLHandle.
[2020.01.28-18.57.14:020][ 10]LogModuleManager: Shutting down and abandoning module OculusHMD (70)
[2020.01.28-18.57.14:020][ 10]LogModuleManager: Shutting down and abandoning module ExampleDeviceProfileSelector (68)
[2020.01.28-18.57.14:020][ 10]LogModuleManager: Shutting down and abandoning module LauncherChunkInstaller (66)
[2020.01.28-18.57.14:020][ 10]LogModuleManager: Shutting down and abandoning module OnlineBlueprintSupport (64)
[2020.01.28-18.57.14:020][ 10]LogModuleManager: Shutting down and abandoning module OnlineSubsystem (60)
[2020.01.28-18.57.14:021][ 10]LogModuleManager: Shutting down and abandoning module XMPP (55)
[2020.01.28-18.57.14:021][ 10]LogModuleManager: Shutting down and abandoning module WebSockets (54)
[2020.01.28-18.57.14:038][ 10]LogModuleManager: Shutting down and abandoning module HTTP (51)
[2020.01.28-18.57.14:038][ 10]LogHttp: Display: Http module shutting down, but needs to wait on 1 outstanding Http requests:
[2020.01.28-18.57.14:038][ 10]LogHttp: Display: 	verb=[POST] url=[https://datarouter.ol.epicgames.com/datarouter/api/v1/public/data?SessionID=%7BD1ABBB8F-4043-E62F-E642-19967DD7948F%7D&AppID=UEEditor.Rocket.Release&AppVersion=4.22.3-7053642%2B%2B%2BUE4%2BRelease-4.22&UserID=3740bade4185902f670f21a58d7b34ac%7C3d891f89dff04597a34a13c932c47ace%7C39326418-812f-4c21-a399-e6f2390f6f39&AppEnvironment=datacollector-binary&UploadType=eteventstream] status=Processing
[2020.01.28-18.57.14:056][ 10]LogModuleManager: Shutting down and abandoning module SSL (50)
[2020.01.28-18.57.14:056][ 10]LogModuleManager: Shutting down and abandoning module WmfMedia (46)
[2020.01.28-18.57.14:058][ 10]LogModuleManager: Shutting down and abandoning module Media (45)
[2020.01.28-18.57.14:065][ 10]LogModuleManager: Shutting down and abandoning module MagicLeap (42)
[2020.01.28-18.57.14:065][ 10]LogModuleManager: Shutting down and abandoning module DatasmithContent (40)
[2020.01.28-18.57.14:065][ 10]LogModuleManager: Shutting down and abandoning module AnimationModifiers (38)
[2020.01.28-18.57.14:065][ 10]LogModuleManager: Shutting down and abandoning module PropertyEditor (37)
[2020.01.28-18.57.14:065][ 10]LogModuleManager: Shutting down and abandoning module AudioEditor (34)
[2020.01.28-18.57.14:065][ 10]LogModuleManager: Shutting down and abandoning module TextureCompressor (32)
[2020.01.28-18.57.14:065][ 10]LogModuleManager: Shutting down and abandoning module RenderCore (30)
[2020.01.28-18.57.14:065][ 10]LogModuleManager: Shutting down and abandoning module Landscape (28)
[2020.01.28-18.57.14:065][ 10]LogModuleManager: Shutting down and abandoning module SlateRHIRenderer (26)
[2020.01.28-18.57.14:065][ 10]LogModuleManager: Shutting down and abandoning module OpenGLDrv (24)
[2020.01.28-18.57.14:065][ 10]LogModuleManager: Shutting down and abandoning module D3D11RHI (22)
[2020.01.28-18.57.14:065][ 10]LogModuleManager: Shutting down and abandoning module AnimGraphRuntime (20)
[2020.01.28-18.57.14:065][ 10]LogModuleManager: Shutting down and abandoning module Renderer (18)
[2020.01.28-18.57.14:065][ 10]LogModuleManager: Shutting down and abandoning module Engine (16)
[2020.01.28-18.57.14:065][ 10]LogModuleManager: Shutting down and abandoning module CoreUObject (14)
[2020.01.28-18.57.14:065][ 10]LogModuleManager: Shutting down and abandoning module NetworkFile (12)
[2020.01.28-18.57.14:065][ 10]LogModuleManager: Shutting down and abandoning module CookedIterativeFile (10)
[2020.01.28-18.57.14:065][ 10]LogModuleManager: Shutting down and abandoning module StreamingFile (8)
[2020.01.28-18.57.14:065][ 10]LogModuleManager: Shutting down and abandoning module SandboxFile (6)
[2020.01.28-18.57.14:065][ 10]LogModuleManager: Shutting down and abandoning module PakFile (4)
[2020.01.28-18.57.14:065][ 10]LogModuleManager: Shutting down and abandoning module RSA (3)
[2020.01.28-18.57.14:077][ 10]LogExit: Exiting.
[2020.01.28-18.57.14:111][ 10]Log file closed, 01/28/20 13:57:14
